[2022-12-01 01:27:22,786] INFO [Controller id=0] Processing automatic preferred replica leader election (kafka.controller.KafkaController)
[2022-12-01 01:27:22,909] TRACE [Controller id=0] Checking need to trigger auto leader balancing (kafka.controller.KafkaController)
[2022-12-01 01:27:22,943] DEBUG [Controller id=0] Topics not in preferred replica for broker 0 HashMap() (kafka.controller.KafkaController)
[2022-12-01 01:27:22,943] TRACE [Controller id=0] Leader imbalance ratio for broker 0 is 0.0 (kafka.controller.KafkaController)
[2022-12-01 01:28:24,525] INFO [Controller id=0] Shutting down broker 0 (kafka.controller.KafkaController)
[2022-12-01 01:28:24,526] DEBUG [Controller id=0] All shutting down brokers: 0 (kafka.controller.KafkaController)
[2022-12-01 01:28:24,527] DEBUG [Controller id=0] Live brokers:  (kafka.controller.KafkaController)
[2022-12-01 01:28:24,554] TRACE [Controller id=0] All leaders = Topic3-0 -> (Leader:0,ISR:0,LeaderEpoch:0,ControllerEpoch:1),quickstart-events-0 -> (Leader:0,ISR:0,LeaderEpoch:0,ControllerEpoch:1),Topic3-1 -> (Leader:0,ISR:0,LeaderEpoch:0,ControllerEpoch:1),Topic2-0 -> (Leader:0,ISR:0,LeaderEpoch:0,ControllerEpoch:1),Topic3-2 -> (Leader:0,ISR:0,LeaderEpoch:0,ControllerEpoch:1),Topic2-1 -> (Leader:0,ISR:0,LeaderEpoch:0,ControllerEpoch:1),Topic1-0 -> (Leader:0,ISR:0,LeaderEpoch:0,ControllerEpoch:1),Topic2-2 -> (Leader:0,ISR:0,LeaderEpoch:0,ControllerEpoch:1),Topic1-1 -> (Leader:0,ISR:0,LeaderEpoch:0,ControllerEpoch:1),Topic1-2 -> (Leader:0,ISR:0,LeaderEpoch:0,ControllerEpoch:1),topic-0 -> (Leader:0,ISR:0,LeaderEpoch:0,ControllerEpoch:1),test-topic-0 -> (Leader:0,ISR:0,LeaderEpoch:0,ControllerEpoch:1) (kafka.controller.KafkaController)
[2022-12-01 01:28:27,624] INFO [ControllerEventThread controllerId=0] Shutting down (kafka.controller.ControllerEventManager$ControllerEventThread)
[2022-12-01 01:28:27,626] INFO [ControllerEventThread controllerId=0] Stopped (kafka.controller.ControllerEventManager$ControllerEventThread)
[2022-12-01 01:28:27,626] INFO [ControllerEventThread controllerId=0] Shutdown completed (kafka.controller.ControllerEventManager$ControllerEventThread)
[2022-12-01 01:28:27,628] DEBUG [Controller id=0] Resigning (kafka.controller.KafkaController)
[2022-12-01 01:28:27,629] DEBUG [Controller id=0] Unregister BrokerModifications handler for Set(0) (kafka.controller.KafkaController)
[2022-12-01 01:28:27,634] INFO [PartitionStateMachine controllerId=0] Stopped partition state machine (kafka.controller.ZkPartitionStateMachine)
[2022-12-01 01:28:27,637] INFO [ReplicaStateMachine controllerId=0] Stopped replica state machine (kafka.controller.ZkReplicaStateMachine)
[2022-12-01 01:28:27,639] INFO [RequestSendThread controllerId=0] Shutting down (kafka.controller.RequestSendThread)
[2022-12-01 01:28:27,640] INFO [RequestSendThread controllerId=0] Stopped (kafka.controller.RequestSendThread)
[2022-12-01 01:28:27,640] INFO [RequestSendThread controllerId=0] Shutdown completed (kafka.controller.RequestSendThread)
[2022-12-01 01:28:27,644] INFO [Controller id=0] Resigned (kafka.controller.KafkaController)
[2022-12-01 02:30:05,636] DEBUG preRegister called. Server=com.sun.jmx.mbeanserver.JmxMBeanServer@d716361, name=log4j:logger=kafka.controller (kafka.controller)
[2022-12-01 02:30:12,123] INFO [ControllerEventThread controllerId=0] Starting (kafka.controller.ControllerEventManager$ControllerEventThread)
[2022-12-01 02:30:12,170] INFO [Controller id=0] 0 successfully elected as the controller. Epoch incremented to 2 and epoch zk version is now 2 (kafka.controller.KafkaController)
[2022-12-01 02:30:12,175] INFO [Controller id=0] Registering handlers (kafka.controller.KafkaController)
[2022-12-01 02:30:12,180] INFO [Controller id=0] Deleting log dir event notifications (kafka.controller.KafkaController)
[2022-12-01 02:30:12,184] INFO [Controller id=0] Deleting isr change notifications (kafka.controller.KafkaController)
[2022-12-01 02:30:12,189] INFO [Controller id=0] Initializing controller context (kafka.controller.KafkaController)
[2022-12-01 02:30:12,216] INFO [Controller id=0] Initialized broker epochs cache: HashMap(0 -> 94) (kafka.controller.KafkaController)
[2022-12-01 02:30:12,258] DEBUG [Controller id=0] Register BrokerModifications handler for Set(0) (kafka.controller.KafkaController)
[2022-12-01 02:30:12,284] DEBUG [Channel manager on controller 0]: Controller 0 trying to connect to broker 0 (kafka.controller.ControllerChannelManager)
[2022-12-01 02:30:12,303] INFO [Controller id=0] Currently active brokers in the cluster: Set(0) (kafka.controller.KafkaController)
[2022-12-01 02:30:12,304] INFO [Controller id=0] Currently shutting brokers in the cluster: HashSet() (kafka.controller.KafkaController)
[2022-12-01 02:30:12,305] INFO [Controller id=0] Current list of topics in the cluster: HashSet(quickstart-events, Topic3, Topic2, Topic1, test-topic, topic) (kafka.controller.KafkaController)
[2022-12-01 02:30:12,306] INFO [Controller id=0] Fetching topic deletions in progress (kafka.controller.KafkaController)
[2022-12-01 02:30:12,312] INFO [RequestSendThread controllerId=0] Starting (kafka.controller.RequestSendThread)
[2022-12-01 02:30:12,314] INFO [Controller id=0] List of topics to be deleted:  (kafka.controller.KafkaController)
[2022-12-01 02:30:12,314] INFO [Controller id=0] List of topics ineligible for deletion:  (kafka.controller.KafkaController)
[2022-12-01 02:30:12,314] INFO [Controller id=0] Initializing topic deletion manager (kafka.controller.KafkaController)
[2022-12-01 02:30:12,315] INFO [Topic Deletion Manager 0] Initializing manager with initial deletions: Set(), initial ineligible deletions: HashSet() (kafka.controller.TopicDeletionManager)
[2022-12-01 02:30:12,315] INFO [Controller id=0] Sending update metadata request (kafka.controller.KafkaController)
[2022-12-01 02:30:12,331] INFO [ReplicaStateMachine controllerId=0] Initializing replica state (kafka.controller.ZkReplicaStateMachine)
[2022-12-01 02:30:12,343] INFO [ReplicaStateMachine controllerId=0] Triggering online replica state changes (kafka.controller.ZkReplicaStateMachine)
[2022-12-01 02:30:12,348] INFO [RequestSendThread controllerId=0] Controller 0 connected to arnab-Latitude-3400:9092 (id: 0 rack: null) for sending state change requests (kafka.controller.RequestSendThread)
[2022-12-01 02:30:12,399] INFO [ReplicaStateMachine controllerId=0] Triggering offline replica state changes (kafka.controller.ZkReplicaStateMachine)
[2022-12-01 02:30:12,400] DEBUG [ReplicaStateMachine controllerId=0] Started replica state machine with initial state -> HashMap([Topic=Topic2,Partition=0,Replica=0] -> OnlineReplica, [Topic=Topic1,Partition=2,Replica=0] -> OnlineReplica, [Topic=Topic3,Partition=0,Replica=0] -> OnlineReplica, [Topic=Topic3,Partition=1,Replica=0] -> OnlineReplica, [Topic=Topic3,Partition=2,Replica=0] -> OnlineReplica, [Topic=Topic2,Partition=2,Replica=0] -> OnlineReplica, [Topic=Topic2,Partition=1,Replica=0] -> OnlineReplica, [Topic=Topic1,Partition=1,Replica=0] -> OnlineReplica, [Topic=test-topic,Partition=0,Replica=0] -> OnlineReplica, [Topic=Topic1,Partition=0,Replica=0] -> OnlineReplica, [Topic=topic,Partition=0,Replica=0] -> OnlineReplica, [Topic=quickstart-events,Partition=0,Replica=0] -> OnlineReplica) (kafka.controller.ZkReplicaStateMachine)
[2022-12-01 02:30:12,401] INFO [PartitionStateMachine controllerId=0] Initializing partition state (kafka.controller.ZkPartitionStateMachine)
[2022-12-01 02:30:12,405] INFO [PartitionStateMachine controllerId=0] Triggering online partition state changes (kafka.controller.ZkPartitionStateMachine)
[2022-12-01 02:30:12,413] DEBUG [PartitionStateMachine controllerId=0] Started partition state machine with initial state -> HashMap(Topic3-0 -> OnlinePartition, quickstart-events-0 -> OnlinePartition, Topic3-1 -> OnlinePartition, Topic2-0 -> OnlinePartition, Topic3-2 -> OnlinePartition, Topic2-1 -> OnlinePartition, Topic1-0 -> OnlinePartition, Topic2-2 -> OnlinePartition, Topic1-1 -> OnlinePartition, Topic1-2 -> OnlinePartition, topic-0 -> OnlinePartition, test-topic-0 -> OnlinePartition) (kafka.controller.ZkPartitionStateMachine)
[2022-12-01 02:30:12,413] INFO [Controller id=0] Ready to serve as the new controller with epoch 2 (kafka.controller.KafkaController)
[2022-12-01 02:30:12,428] INFO [Controller id=0] Partitions undergoing preferred replica election:  (kafka.controller.KafkaController)
[2022-12-01 02:30:12,429] INFO [Controller id=0] Partitions that completed preferred replica election:  (kafka.controller.KafkaController)
[2022-12-01 02:30:12,429] INFO [Controller id=0] Skipping preferred replica election for partitions due to topic deletion:  (kafka.controller.KafkaController)
[2022-12-01 02:30:12,429] INFO [Controller id=0] Resuming preferred replica election for partitions:  (kafka.controller.KafkaController)
[2022-12-01 02:30:12,437] INFO [Controller id=0] Starting replica leader election (PREFERRED) for partitions  triggered by ZkTriggered (kafka.controller.KafkaController)
[2022-12-01 02:30:12,482] INFO [Controller id=0] Starting the controller scheduler (kafka.controller.KafkaController)
[2022-12-01 02:30:17,484] INFO [Controller id=0] Processing automatic preferred replica leader election (kafka.controller.KafkaController)
[2022-12-01 02:30:17,485] TRACE [Controller id=0] Checking need to trigger auto leader balancing (kafka.controller.KafkaController)
[2022-12-01 02:30:17,497] DEBUG [Controller id=0] Topics not in preferred replica for broker 0 HashMap() (kafka.controller.KafkaController)
[2022-12-01 02:30:17,501] TRACE [Controller id=0] Leader imbalance ratio for broker 0 is 0.0 (kafka.controller.KafkaController)
[2022-12-01 02:35:17,501] INFO [Controller id=0] Processing automatic preferred replica leader election (kafka.controller.KafkaController)
[2022-12-01 02:35:17,501] TRACE [Controller id=0] Checking need to trigger auto leader balancing (kafka.controller.KafkaController)
[2022-12-01 02:35:17,503] DEBUG [Controller id=0] Topics not in preferred replica for broker 0 HashMap() (kafka.controller.KafkaController)
[2022-12-01 02:35:17,503] TRACE [Controller id=0] Leader imbalance ratio for broker 0 is 0.0 (kafka.controller.KafkaController)
[2022-12-01 02:40:17,504] INFO [Controller id=0] Processing automatic preferred replica leader election (kafka.controller.KafkaController)
[2022-12-01 02:40:17,504] TRACE [Controller id=0] Checking need to trigger auto leader balancing (kafka.controller.KafkaController)
[2022-12-01 02:40:17,506] DEBUG [Controller id=0] Topics not in preferred replica for broker 0 HashMap() (kafka.controller.KafkaController)
[2022-12-01 02:40:17,506] TRACE [Controller id=0] Leader imbalance ratio for broker 0 is 0.0 (kafka.controller.KafkaController)
