[2022-12-01 01:28:27,749] WARN Unexpected exception (org.apache.zookeeper.server.NIOServerCnxn)
EndOfStreamException: Unable to read additional data from client, it probably closed the socket: address = /127.0.0.1:37166, session = 0x10042e27aa50000
	at org.apache.zookeeper.server.NIOServerCnxn.handleFailedRead(NIOServerCnxn.java:163)
	at org.apache.zookeeper.server.NIOServerCnxn.doIO(NIOServerCnxn.java:326)
	at org.apache.zookeeper.server.NIOServerCnxnFactory$IOWorkRequest.doWork(NIOServerCnxnFactory.java:522)
	at org.apache.zookeeper.server.WorkerService$ScheduledWorkRequest.run(WorkerService.java:154)
	at java.util.concurrent.ThreadPoolExecutor.runWorker(ThreadPoolExecutor.java:1149)
	at java.util.concurrent.ThreadPoolExecutor$Worker.run(ThreadPoolExecutor.java:624)
	at java.lang.Thread.run(Thread.java:750)
[2022-12-01 02:30:05,587] INFO Reading configuration from: /home/arnab/kafka-poc-3.7/libs/kafka_2.13-3.0.0/bin/../config/zookeeper.properties (org.apache.zookeeper.server.quorum.QuorumPeerConfig)
[2022-12-01 02:30:05,591] INFO Registered kafka:type=kafka.Log4jController MBean (kafka.utils.Log4jControllerRegistration$)
[2022-12-01 02:30:05,595] INFO clientPortAddress is 0.0.0.0:2181 (org.apache.zookeeper.server.quorum.QuorumPeerConfig)
[2022-12-01 02:30:05,595] INFO secureClientPort is not set (org.apache.zookeeper.server.quorum.QuorumPeerConfig)
[2022-12-01 02:30:05,595] INFO observerMasterPort is not set (org.apache.zookeeper.server.quorum.QuorumPeerConfig)
[2022-12-01 02:30:05,596] INFO metricsProvider.className is org.apache.zookeeper.metrics.impl.DefaultMetricsProvider (org.apache.zookeeper.server.quorum.QuorumPeerConfig)
[2022-12-01 02:30:05,617] INFO autopurge.snapRetainCount set to 3 (org.apache.zookeeper.server.DatadirCleanupManager)
[2022-12-01 02:30:05,617] INFO autopurge.purgeInterval set to 0 (org.apache.zookeeper.server.DatadirCleanupManager)
[2022-12-01 02:30:05,617] INFO Purge task is not scheduled. (org.apache.zookeeper.server.DatadirCleanupManager)
[2022-12-01 02:30:05,617] WARN Either no config or no quorum defined in config, running in standalone mode (org.apache.zookeeper.server.quorum.QuorumPeerMain)
[2022-12-01 02:30:05,623] INFO Log4j 1.2 jmx support found and enabled. (org.apache.zookeeper.jmx.ManagedUtil)
[2022-12-01 02:30:05,640] INFO Reading configuration from: /home/arnab/kafka-poc-3.7/libs/kafka_2.13-3.0.0/bin/../config/zookeeper.properties (org.apache.zookeeper.server.quorum.QuorumPeerConfig)
[2022-12-01 02:30:05,641] INFO clientPortAddress is 0.0.0.0:2181 (org.apache.zookeeper.server.quorum.QuorumPeerConfig)
[2022-12-01 02:30:05,641] INFO secureClientPort is not set (org.apache.zookeeper.server.quorum.QuorumPeerConfig)
[2022-12-01 02:30:05,641] INFO observerMasterPort is not set (org.apache.zookeeper.server.quorum.QuorumPeerConfig)
[2022-12-01 02:30:05,641] INFO metricsProvider.className is org.apache.zookeeper.metrics.impl.DefaultMetricsProvider (org.apache.zookeeper.server.quorum.QuorumPeerConfig)
[2022-12-01 02:30:05,641] INFO Starting server (org.apache.zookeeper.server.ZooKeeperServerMain)
[2022-12-01 02:30:05,661] INFO ServerMetrics initialized with provider org.apache.zookeeper.metrics.impl.DefaultMetricsProvider@337d0578 (org.apache.zookeeper.server.ServerMetrics)
[2022-12-01 02:30:05,665] INFO zookeeper.snapshot.trust.empty : false (org.apache.zookeeper.server.persistence.FileTxnSnapLog)
[2022-12-01 02:30:05,697] INFO  (org.apache.zookeeper.server.ZooKeeperServer)
[2022-12-01 02:30:05,697] INFO   ______                  _                                           (org.apache.zookeeper.server.ZooKeeperServer)
[2022-12-01 02:30:05,697] INFO  |___  /                 | |                                          (org.apache.zookeeper.server.ZooKeeperServer)
[2022-12-01 02:30:05,697] INFO     / /    ___     ___   | | __   ___    ___   _ __     ___   _ __    (org.apache.zookeeper.server.ZooKeeperServer)
[2022-12-01 02:30:05,697] INFO    / /    / _ \   / _ \  | |/ /  / _ \  / _ \ | '_ \   / _ \ | '__| (org.apache.zookeeper.server.ZooKeeperServer)
[2022-12-01 02:30:05,697] INFO   / /__  | (_) | | (_) | |   <  |  __/ |  __/ | |_) | |  __/ | |     (org.apache.zookeeper.server.ZooKeeperServer)
[2022-12-01 02:30:05,697] INFO  /_____|  \___/   \___/  |_|\_\  \___|  \___| | .__/   \___| |_| (org.apache.zookeeper.server.ZooKeeperServer)
[2022-12-01 02:30:05,698] INFO                                               | |                      (org.apache.zookeeper.server.ZooKeeperServer)
[2022-12-01 02:30:05,698] INFO                                               |_|                      (org.apache.zookeeper.server.ZooKeeperServer)
[2022-12-01 02:30:05,698] INFO  (org.apache.zookeeper.server.ZooKeeperServer)
[2022-12-01 02:30:05,699] INFO Server environment:zookeeper.version=3.6.3--6401e4ad2087061bc6b9f80dec2d69f2e3c8660a, built on 04/08/2021 16:35 GMT (org.apache.zookeeper.server.ZooKeeperServer)
[2022-12-01 02:30:05,699] INFO Server environment:host.name=arnab-Latitude-3400 (org.apache.zookeeper.server.ZooKeeperServer)
[2022-12-01 02:30:05,700] INFO Server environment:java.version=1.8.0_352 (org.apache.zookeeper.server.ZooKeeperServer)
[2022-12-01 02:30:05,700] INFO Server environment:java.vendor=Private Build (org.apache.zookeeper.server.ZooKeeperServer)
[2022-12-01 02:30:05,700] INFO Server environment:java.home=/usr/lib/jvm/java-8-openjdk-amd64/jre (org.apache.zookeeper.server.ZooKeeperServer)
[2022-12-01 02:30:05,700] INFO Server environment:java.class.path=/home/arnab/kafka-poc-3.7/libs/kafka_2.13-3.0.0/bin/../libs/activation-1.1.1.jar:/home/arnab/kafka-poc-3.7/libs/kafka_2.13-3.0.0/bin/../libs/aopalliance-repackaged-2.6.1.jar:/home/arnab/kafka-poc-3.7/libs/kafka_2.13-3.0.0/bin/../libs/argparse4j-0.7.0.jar:/home/arnab/kafka-poc-3.7/libs/kafka_2.13-3.0.0/bin/../libs/audience-annotations-0.5.0.jar:/home/arnab/kafka-poc-3.7/libs/kafka_2.13-3.0.0/bin/../libs/commons-cli-1.4.jar:/home/arnab/kafka-poc-3.7/libs/kafka_2.13-3.0.0/bin/../libs/commons-lang3-3.8.1.jar:/home/arnab/kafka-poc-3.7/libs/kafka_2.13-3.0.0/bin/../libs/connect-api-3.0.0.jar:/home/arnab/kafka-poc-3.7/libs/kafka_2.13-3.0.0/bin/../libs/connect-basic-auth-extension-3.0.0.jar:/home/arnab/kafka-poc-3.7/libs/kafka_2.13-3.0.0/bin/../libs/connect-file-3.0.0.jar:/home/arnab/kafka-poc-3.7/libs/kafka_2.13-3.0.0/bin/../libs/connect-json-3.0.0.jar:/home/arnab/kafka-poc-3.7/libs/kafka_2.13-3.0.0/bin/../libs/connect-mirror-3.0.0.jar:/home/arnab/kafka-poc-3.7/libs/kafka_2.13-3.0.0/bin/../libs/connect-mirror-client-3.0.0.jar:/home/arnab/kafka-poc-3.7/libs/kafka_2.13-3.0.0/bin/../libs/connect-runtime-3.0.0.jar:/home/arnab/kafka-poc-3.7/libs/kafka_2.13-3.0.0/bin/../libs/connect-transforms-3.0.0.jar:/home/arnab/kafka-poc-3.7/libs/kafka_2.13-3.0.0/bin/../libs/hk2-api-2.6.1.jar:/home/arnab/kafka-poc-3.7/libs/kafka_2.13-3.0.0/bin/../libs/hk2-locator-2.6.1.jar:/home/arnab/kafka-poc-3.7/libs/kafka_2.13-3.0.0/bin/../libs/hk2-utils-2.6.1.jar:/home/arnab/kafka-poc-3.7/libs/kafka_2.13-3.0.0/bin/../libs/jackson-annotations-2.12.3.jar:/home/arnab/kafka-poc-3.7/libs/kafka_2.13-3.0.0/bin/../libs/jackson-core-2.12.3.jar:/home/arnab/kafka-poc-3.7/libs/kafka_2.13-3.0.0/bin/../libs/jackson-databind-2.12.3.jar:/home/arnab/kafka-poc-3.7/libs/kafka_2.13-3.0.0/bin/../libs/jackson-dataformat-csv-2.12.3.jar:/home/arnab/kafka-poc-3.7/libs/kafka_2.13-3.0.0/bin/../libs/jackson-datatype-jdk8-2.12.3.jar:/home/arnab/kafka-poc-3.7/libs/kafka_2.13-3.0.0/bin/../libs/jackson-jaxrs-base-2.12.3.jar:/home/arnab/kafka-poc-3.7/libs/kafka_2.13-3.0.0/bin/../libs/jackson-jaxrs-json-provider-2.12.3.jar:/home/arnab/kafka-poc-3.7/libs/kafka_2.13-3.0.0/bin/../libs/jackson-module-jaxb-annotations-2.12.3.jar:/home/arnab/kafka-poc-3.7/libs/kafka_2.13-3.0.0/bin/../libs/jackson-module-scala_2.13-2.12.3.jar:/home/arnab/kafka-poc-3.7/libs/kafka_2.13-3.0.0/bin/../libs/jakarta.activation-api-1.2.1.jar:/home/arnab/kafka-poc-3.7/libs/kafka_2.13-3.0.0/bin/../libs/jakarta.annotation-api-1.3.5.jar:/home/arnab/kafka-poc-3.7/libs/kafka_2.13-3.0.0/bin/../libs/jakarta.inject-2.6.1.jar:/home/arnab/kafka-poc-3.7/libs/kafka_2.13-3.0.0/bin/../libs/jakarta.validation-api-2.0.2.jar:/home/arnab/kafka-poc-3.7/libs/kafka_2.13-3.0.0/bin/../libs/jakarta.ws.rs-api-2.1.6.jar:/home/arnab/kafka-poc-3.7/libs/kafka_2.13-3.0.0/bin/../libs/jakarta.xml.bind-api-2.3.2.jar:/home/arnab/kafka-poc-3.7/libs/kafka_2.13-3.0.0/bin/../libs/javassist-3.27.0-GA.jar:/home/arnab/kafka-poc-3.7/libs/kafka_2.13-3.0.0/bin/../libs/javax.servlet-api-3.1.0.jar:/home/arnab/kafka-poc-3.7/libs/kafka_2.13-3.0.0/bin/../libs/javax.ws.rs-api-2.1.1.jar:/home/arnab/kafka-poc-3.7/libs/kafka_2.13-3.0.0/bin/../libs/jaxb-api-2.3.0.jar:/home/arnab/kafka-poc-3.7/libs/kafka_2.13-3.0.0/bin/../libs/jersey-client-2.34.jar:/home/arnab/kafka-poc-3.7/libs/kafka_2.13-3.0.0/bin/../libs/jersey-common-2.34.jar:/home/arnab/kafka-poc-3.7/libs/kafka_2.13-3.0.0/bin/../libs/jersey-container-servlet-2.34.jar:/home/arnab/kafka-poc-3.7/libs/kafka_2.13-3.0.0/bin/../libs/jersey-container-servlet-core-2.34.jar:/home/arnab/kafka-poc-3.7/libs/kafka_2.13-3.0.0/bin/../libs/jersey-hk2-2.34.jar:/home/arnab/kafka-poc-3.7/libs/kafka_2.13-3.0.0/bin/../libs/jersey-server-2.34.jar:/home/arnab/kafka-poc-3.7/libs/kafka_2.13-3.0.0/bin/../libs/jetty-client-9.4.43.v20210629.jar:/home/arnab/kafka-poc-3.7/libs/kafka_2.13-3.0.0/bin/../libs/jetty-continuation-9.4.43.v20210629.jar:/home/arnab/kafka-poc-3.7/libs/kafka_2.13-3.0.0/bin/../libs/jetty-http-9.4.43.v20210629.jar:/home/arnab/kafka-poc-3.7/libs/kafka_2.13-3.0.0/bin/../libs/jetty-io-9.4.43.v20210629.jar:/home/arnab/kafka-poc-3.7/libs/kafka_2.13-3.0.0/bin/../libs/jetty-security-9.4.43.v20210629.jar:/home/arnab/kafka-poc-3.7/libs/kafka_2.13-3.0.0/bin/../libs/jetty-server-9.4.43.v20210629.jar:/home/arnab/kafka-poc-3.7/libs/kafka_2.13-3.0.0/bin/../libs/jetty-servlet-9.4.43.v20210629.jar:/home/arnab/kafka-poc-3.7/libs/kafka_2.13-3.0.0/bin/../libs/jetty-servlets-9.4.43.v20210629.jar:/home/arnab/kafka-poc-3.7/libs/kafka_2.13-3.0.0/bin/../libs/jetty-util-9.4.43.v20210629.jar:/home/arnab/kafka-poc-3.7/libs/kafka_2.13-3.0.0/bin/../libs/jetty-util-ajax-9.4.43.v20210629.jar:/home/arnab/kafka-poc-3.7/libs/kafka_2.13-3.0.0/bin/../libs/jline-3.12.1.jar:/home/arnab/kafka-poc-3.7/libs/kafka_2.13-3.0.0/bin/../libs/jopt-simple-5.0.4.jar:/home/arnab/kafka-poc-3.7/libs/kafka_2.13-3.0.0/bin/../libs/kafka_2.13-3.0.0.jar:/home/arnab/kafka-poc-3.7/libs/kafka_2.13-3.0.0/bin/../libs/kafka-clients-3.0.0.jar:/home/arnab/kafka-poc-3.7/libs/kafka_2.13-3.0.0/bin/../libs/kafka-log4j-appender-3.0.0.jar:/home/arnab/kafka-poc-3.7/libs/kafka_2.13-3.0.0/bin/../libs/kafka-metadata-3.0.0.jar:/home/arnab/kafka-poc-3.7/libs/kafka_2.13-3.0.0/bin/../libs/kafka-raft-3.0.0.jar:/home/arnab/kafka-poc-3.7/libs/kafka_2.13-3.0.0/bin/../libs/kafka-server-common-3.0.0.jar:/home/arnab/kafka-poc-3.7/libs/kafka_2.13-3.0.0/bin/../libs/kafka-shell-3.0.0.jar:/home/arnab/kafka-poc-3.7/libs/kafka_2.13-3.0.0/bin/../libs/kafka-storage-3.0.0.jar:/home/arnab/kafka-poc-3.7/libs/kafka_2.13-3.0.0/bin/../libs/kafka-storage-api-3.0.0.jar:/home/arnab/kafka-poc-3.7/libs/kafka_2.13-3.0.0/bin/../libs/kafka-streams-3.0.0.jar:/home/arnab/kafka-poc-3.7/libs/kafka_2.13-3.0.0/bin/../libs/kafka-streams-examples-3.0.0.jar:/home/arnab/kafka-poc-3.7/libs/kafka_2.13-3.0.0/bin/../libs/kafka-streams-scala_2.13-3.0.0.jar:/home/arnab/kafka-poc-3.7/libs/kafka_2.13-3.0.0/bin/../libs/kafka-streams-test-utils-3.0.0.jar:/home/arnab/kafka-poc-3.7/libs/kafka_2.13-3.0.0/bin/../libs/kafka-tools-3.0.0.jar:/home/arnab/kafka-poc-3.7/libs/kafka_2.13-3.0.0/bin/../libs/log4j-1.2.17.jar:/home/arnab/kafka-poc-3.7/libs/kafka_2.13-3.0.0/bin/../libs/lz4-java-1.7.1.jar:/home/arnab/kafka-poc-3.7/libs/kafka_2.13-3.0.0/bin/../libs/maven-artifact-3.8.1.jar:/home/arnab/kafka-poc-3.7/libs/kafka_2.13-3.0.0/bin/../libs/metrics-core-2.2.0.jar:/home/arnab/kafka-poc-3.7/libs/kafka_2.13-3.0.0/bin/../libs/metrics-core-4.1.12.1.jar:/home/arnab/kafka-poc-3.7/libs/kafka_2.13-3.0.0/bin/../libs/netty-buffer-4.1.62.Final.jar:/home/arnab/kafka-poc-3.7/libs/kafka_2.13-3.0.0/bin/../libs/netty-codec-4.1.62.Final.jar:/home/arnab/kafka-poc-3.7/libs/kafka_2.13-3.0.0/bin/../libs/netty-common-4.1.62.Final.jar:/home/arnab/kafka-poc-3.7/libs/kafka_2.13-3.0.0/bin/../libs/netty-handler-4.1.62.Final.jar:/home/arnab/kafka-poc-3.7/libs/kafka_2.13-3.0.0/bin/../libs/netty-resolver-4.1.62.Final.jar:/home/arnab/kafka-poc-3.7/libs/kafka_2.13-3.0.0/bin/../libs/netty-transport-4.1.62.Final.jar:/home/arnab/kafka-poc-3.7/libs/kafka_2.13-3.0.0/bin/../libs/netty-transport-native-epoll-4.1.62.Final.jar:/home/arnab/kafka-poc-3.7/libs/kafka_2.13-3.0.0/bin/../libs/netty-transport-native-unix-common-4.1.62.Final.jar:/home/arnab/kafka-poc-3.7/libs/kafka_2.13-3.0.0/bin/../libs/osgi-resource-locator-1.0.3.jar:/home/arnab/kafka-poc-3.7/libs/kafka_2.13-3.0.0/bin/../libs/paranamer-2.8.jar:/home/arnab/kafka-poc-3.7/libs/kafka_2.13-3.0.0/bin/../libs/plexus-utils-3.2.1.jar:/home/arnab/kafka-poc-3.7/libs/kafka_2.13-3.0.0/bin/../libs/reflections-0.9.12.jar:/home/arnab/kafka-poc-3.7/libs/kafka_2.13-3.0.0/bin/../libs/rocksdbjni-6.19.3.jar:/home/arnab/kafka-poc-3.7/libs/kafka_2.13-3.0.0/bin/../libs/scala-collection-compat_2.13-2.4.4.jar:/home/arnab/kafka-poc-3.7/libs/kafka_2.13-3.0.0/bin/../libs/scala-java8-compat_2.13-1.0.0.jar:/home/arnab/kafka-poc-3.7/libs/kafka_2.13-3.0.0/bin/../libs/scala-library-2.13.6.jar:/home/arnab/kafka-poc-3.7/libs/kafka_2.13-3.0.0/bin/../libs/scala-logging_2.13-3.9.3.jar:/home/arnab/kafka-poc-3.7/libs/kafka_2.13-3.0.0/bin/../libs/scala-reflect-2.13.6.jar:/home/arnab/kafka-poc-3.7/libs/kafka_2.13-3.0.0/bin/../libs/slf4j-api-1.7.30.jar:/home/arnab/kafka-poc-3.7/libs/kafka_2.13-3.0.0/bin/../libs/slf4j-log4j12-1.7.30.jar:/home/arnab/kafka-poc-3.7/libs/kafka_2.13-3.0.0/bin/../libs/snappy-java-1.1.8.1.jar:/home/arnab/kafka-poc-3.7/libs/kafka_2.13-3.0.0/bin/../libs/trogdor-3.0.0.jar:/home/arnab/kafka-poc-3.7/libs/kafka_2.13-3.0.0/bin/../libs/zookeeper-3.6.3.jar:/home/arnab/kafka-poc-3.7/libs/kafka_2.13-3.0.0/bin/../libs/zookeeper-jute-3.6.3.jar:/home/arnab/kafka-poc-3.7/libs/kafka_2.13-3.0.0/bin/../libs/zstd-jni-1.5.0-2.jar (org.apache.zookeeper.server.ZooKeeperServer)
[2022-12-01 02:30:05,700] INFO Server environment:java.library.path=/usr/java/packages/lib/amd64:/usr/lib/x86_64-linux-gnu/jni:/lib/x86_64-linux-gnu:/usr/lib/x86_64-linux-gnu:/usr/lib/jni:/lib:/usr/lib (org.apache.zookeeper.server.ZooKeeperServer)
[2022-12-01 02:30:05,701] INFO Server environment:java.io.tmpdir=/tmp (org.apache.zookeeper.server.ZooKeeperServer)
[2022-12-01 02:30:05,701] INFO Server environment:java.compiler=<NA> (org.apache.zookeeper.server.ZooKeeperServer)
[2022-12-01 02:30:05,701] INFO Server environment:os.name=Linux (org.apache.zookeeper.server.ZooKeeperServer)
[2022-12-01 02:30:05,701] INFO Server environment:os.arch=amd64 (org.apache.zookeeper.server.ZooKeeperServer)
[2022-12-01 02:30:05,701] INFO Server environment:os.version=5.4.0-131-generic (org.apache.zookeeper.server.ZooKeeperServer)
[2022-12-01 02:30:05,701] INFO Server environment:user.name=arnab (org.apache.zookeeper.server.ZooKeeperServer)
[2022-12-01 02:30:05,701] INFO Server environment:user.home=/home/arnab (org.apache.zookeeper.server.ZooKeeperServer)
[2022-12-01 02:30:05,701] INFO Server environment:user.dir=/home/arnab/kafka-poc-3.7 (org.apache.zookeeper.server.ZooKeeperServer)
[2022-12-01 02:30:05,701] INFO Server environment:os.memory.free=492MB (org.apache.zookeeper.server.ZooKeeperServer)
[2022-12-01 02:30:05,701] INFO Server environment:os.memory.max=512MB (org.apache.zookeeper.server.ZooKeeperServer)
[2022-12-01 02:30:05,701] INFO Server environment:os.memory.total=512MB (org.apache.zookeeper.server.ZooKeeperServer)
[2022-12-01 02:30:05,701] INFO zookeeper.enableEagerACLCheck = false (org.apache.zookeeper.server.ZooKeeperServer)
[2022-12-01 02:30:05,701] INFO zookeeper.digest.enabled = true (org.apache.zookeeper.server.ZooKeeperServer)
[2022-12-01 02:30:05,701] INFO zookeeper.closeSessionTxn.enabled = true (org.apache.zookeeper.server.ZooKeeperServer)
[2022-12-01 02:30:05,701] INFO zookeeper.flushDelay=0 (org.apache.zookeeper.server.ZooKeeperServer)
[2022-12-01 02:30:05,702] INFO zookeeper.maxWriteQueuePollTime=0 (org.apache.zookeeper.server.ZooKeeperServer)
[2022-12-01 02:30:05,702] INFO zookeeper.maxBatchSize=1000 (org.apache.zookeeper.server.ZooKeeperServer)
[2022-12-01 02:30:05,702] INFO zookeeper.intBufferStartingSizeBytes = 1024 (org.apache.zookeeper.server.ZooKeeperServer)
[2022-12-01 02:30:05,703] INFO Weighed connection throttling is disabled (org.apache.zookeeper.server.BlueThrottle)
[2022-12-01 02:30:05,705] INFO minSessionTimeout set to 6000 (org.apache.zookeeper.server.ZooKeeperServer)
[2022-12-01 02:30:05,705] INFO maxSessionTimeout set to 60000 (org.apache.zookeeper.server.ZooKeeperServer)
[2022-12-01 02:30:05,707] INFO Response cache size is initialized with value 400. (org.apache.zookeeper.server.ResponseCache)
[2022-12-01 02:30:05,707] INFO Response cache size is initialized with value 400. (org.apache.zookeeper.server.ResponseCache)
[2022-12-01 02:30:05,708] INFO zookeeper.pathStats.slotCapacity = 60 (org.apache.zookeeper.server.util.RequestPathMetricsCollector)
[2022-12-01 02:30:05,708] INFO zookeeper.pathStats.slotDuration = 15 (org.apache.zookeeper.server.util.RequestPathMetricsCollector)
[2022-12-01 02:30:05,708] INFO zookeeper.pathStats.maxDepth = 6 (org.apache.zookeeper.server.util.RequestPathMetricsCollector)
[2022-12-01 02:30:05,708] INFO zookeeper.pathStats.initialDelay = 5 (org.apache.zookeeper.server.util.RequestPathMetricsCollector)
[2022-12-01 02:30:05,708] INFO zookeeper.pathStats.delay = 5 (org.apache.zookeeper.server.util.RequestPathMetricsCollector)
[2022-12-01 02:30:05,709] INFO zookeeper.pathStats.enabled = false (org.apache.zookeeper.server.util.RequestPathMetricsCollector)
[2022-12-01 02:30:05,712] INFO The max bytes for all large requests are set to 104857600 (org.apache.zookeeper.server.ZooKeeperServer)
[2022-12-01 02:30:05,712] INFO The large request threshold is set to -1 (org.apache.zookeeper.server.ZooKeeperServer)
[2022-12-01 02:30:05,712] INFO Created server with tickTime 3000 minSessionTimeout 6000 maxSessionTimeout 60000 clientPortListenBacklog -1 datadir /tmp/zookeeper/version-2 snapdir /tmp/zookeeper/version-2 (org.apache.zookeeper.server.ZooKeeperServer)
[2022-12-01 02:30:05,748] INFO Using org.apache.zookeeper.server.NIOServerCnxnFactory as server connection factory (org.apache.zookeeper.server.ServerCnxnFactory)
[2022-12-01 02:30:05,763] WARN maxCnxns is not configured, using default value 0. (org.apache.zookeeper.server.ServerCnxnFactory)
[2022-12-01 02:30:05,765] INFO Configuring NIO connection handler with 10s sessionless connection timeout, 1 selector thread(s), 8 worker threads, and 64 kB direct buffers. (org.apache.zookeeper.server.NIOServerCnxnFactory)
[2022-12-01 02:30:05,771] INFO binding to port 0.0.0.0/0.0.0.0:2181 (org.apache.zookeeper.server.NIOServerCnxnFactory)
[2022-12-01 02:30:05,789] INFO Using org.apache.zookeeper.server.watch.WatchManager as watch manager (org.apache.zookeeper.server.watch.WatchManagerFactory)
[2022-12-01 02:30:05,789] INFO Using org.apache.zookeeper.server.watch.WatchManager as watch manager (org.apache.zookeeper.server.watch.WatchManagerFactory)
[2022-12-01 02:30:05,789] INFO zookeeper.snapshotSizeFactor = 0.33 (org.apache.zookeeper.server.ZKDatabase)
[2022-12-01 02:30:05,789] INFO zookeeper.commitLogCount=500 (org.apache.zookeeper.server.ZKDatabase)
[2022-12-01 02:30:05,835] INFO zookeeper.snapshot.compression.method = CHECKED (org.apache.zookeeper.server.persistence.SnapStream)
[2022-12-01 02:30:05,855] INFO Reading snapshot /tmp/zookeeper/version-2/snapshot.0 (org.apache.zookeeper.server.persistence.FileSnap)
[2022-12-01 02:30:05,874] INFO The digest value is empty in snapshot (org.apache.zookeeper.server.DataTree)
[2022-12-01 02:30:05,976] INFO Setting -D jdk.tls.rejectClientInitiatedRenegotiation=true to disable client-initiated TLS renegotiation (org.apache.zookeeper.common.X509Util)
[2022-12-01 02:30:06,048] INFO ZooKeeper audit is disabled. (org.apache.zookeeper.audit.ZKAuditProvider)
[2022-12-01 02:30:06,048] INFO 78 txns loaded in 93 ms (org.apache.zookeeper.server.persistence.FileTxnSnapLog)
[2022-12-01 02:30:06,049] INFO Snapshot loaded in 257 ms, highest zxid is 0x4e, digest is 137446699285 (org.apache.zookeeper.server.ZKDatabase)
[2022-12-01 02:30:06,049] INFO Snapshotting: 0x4e to /tmp/zookeeper/version-2/snapshot.4e (org.apache.zookeeper.server.persistence.FileTxnSnapLog)
[2022-12-01 02:30:06,051] INFO Snapshot taken in 2 ms (org.apache.zookeeper.server.ZooKeeperServer)
[2022-12-01 02:30:06,071] INFO PrepRequestProcessor (sid:0) started, reconfigEnabled=false (org.apache.zookeeper.server.PrepRequestProcessor)
[2022-12-01 02:30:06,071] INFO zookeeper.request_throttler.shutdownTimeout = 10000 (org.apache.zookeeper.server.RequestThrottler)
[2022-12-01 02:30:06,091] INFO Registered signal handlers for TERM, INT, HUP (org.apache.kafka.common.utils.LoggingSignalHandler)
[2022-12-01 02:30:06,093] INFO Using checkIntervalMs=60000 maxPerMinute=10000 maxNeverUsedIntervalMs=0 (org.apache.zookeeper.server.ContainerManager)
[2022-12-01 02:30:06,095] INFO starting (kafka.server.KafkaServer)
[2022-12-01 02:30:06,096] INFO Connecting to zookeeper on localhost:2181 (kafka.server.KafkaServer)
[2022-12-01 02:30:06,109] INFO [ZooKeeperClient Kafka server] Initializing a new session to localhost:2181. (kafka.zookeeper.ZooKeeperClient)
[2022-12-01 02:30:06,113] INFO Client environment:zookeeper.version=3.6.3--6401e4ad2087061bc6b9f80dec2d69f2e3c8660a, built on 04/08/2021 16:35 GMT (org.apache.zookeeper.ZooKeeper)
[2022-12-01 02:30:06,113] INFO Client environment:host.name=arnab-Latitude-3400 (org.apache.zookeeper.ZooKeeper)
[2022-12-01 02:30:06,113] INFO Client environment:java.version=1.8.0_352 (org.apache.zookeeper.ZooKeeper)
[2022-12-01 02:30:06,113] INFO Client environment:java.vendor=Private Build (org.apache.zookeeper.ZooKeeper)
[2022-12-01 02:30:06,113] INFO Client environment:java.home=/usr/lib/jvm/java-8-openjdk-amd64/jre (org.apache.zookeeper.ZooKeeper)
[2022-12-01 02:30:06,113] INFO Client environment:java.class.path=/home/arnab/kafka-poc-3.7/libs/kafka_2.13-3.0.0/bin/../libs/activation-1.1.1.jar:/home/arnab/kafka-poc-3.7/libs/kafka_2.13-3.0.0/bin/../libs/aopalliance-repackaged-2.6.1.jar:/home/arnab/kafka-poc-3.7/libs/kafka_2.13-3.0.0/bin/../libs/argparse4j-0.7.0.jar:/home/arnab/kafka-poc-3.7/libs/kafka_2.13-3.0.0/bin/../libs/audience-annotations-0.5.0.jar:/home/arnab/kafka-poc-3.7/libs/kafka_2.13-3.0.0/bin/../libs/commons-cli-1.4.jar:/home/arnab/kafka-poc-3.7/libs/kafka_2.13-3.0.0/bin/../libs/commons-lang3-3.8.1.jar:/home/arnab/kafka-poc-3.7/libs/kafka_2.13-3.0.0/bin/../libs/connect-api-3.0.0.jar:/home/arnab/kafka-poc-3.7/libs/kafka_2.13-3.0.0/bin/../libs/connect-basic-auth-extension-3.0.0.jar:/home/arnab/kafka-poc-3.7/libs/kafka_2.13-3.0.0/bin/../libs/connect-file-3.0.0.jar:/home/arnab/kafka-poc-3.7/libs/kafka_2.13-3.0.0/bin/../libs/connect-json-3.0.0.jar:/home/arnab/kafka-poc-3.7/libs/kafka_2.13-3.0.0/bin/../libs/connect-mirror-3.0.0.jar:/home/arnab/kafka-poc-3.7/libs/kafka_2.13-3.0.0/bin/../libs/connect-mirror-client-3.0.0.jar:/home/arnab/kafka-poc-3.7/libs/kafka_2.13-3.0.0/bin/../libs/connect-runtime-3.0.0.jar:/home/arnab/kafka-poc-3.7/libs/kafka_2.13-3.0.0/bin/../libs/connect-transforms-3.0.0.jar:/home/arnab/kafka-poc-3.7/libs/kafka_2.13-3.0.0/bin/../libs/hk2-api-2.6.1.jar:/home/arnab/kafka-poc-3.7/libs/kafka_2.13-3.0.0/bin/../libs/hk2-locator-2.6.1.jar:/home/arnab/kafka-poc-3.7/libs/kafka_2.13-3.0.0/bin/../libs/hk2-utils-2.6.1.jar:/home/arnab/kafka-poc-3.7/libs/kafka_2.13-3.0.0/bin/../libs/jackson-annotations-2.12.3.jar:/home/arnab/kafka-poc-3.7/libs/kafka_2.13-3.0.0/bin/../libs/jackson-core-2.12.3.jar:/home/arnab/kafka-poc-3.7/libs/kafka_2.13-3.0.0/bin/../libs/jackson-databind-2.12.3.jar:/home/arnab/kafka-poc-3.7/libs/kafka_2.13-3.0.0/bin/../libs/jackson-dataformat-csv-2.12.3.jar:/home/arnab/kafka-poc-3.7/libs/kafka_2.13-3.0.0/bin/../libs/jackson-datatype-jdk8-2.12.3.jar:/home/arnab/kafka-poc-3.7/libs/kafka_2.13-3.0.0/bin/../libs/jackson-jaxrs-base-2.12.3.jar:/home/arnab/kafka-poc-3.7/libs/kafka_2.13-3.0.0/bin/../libs/jackson-jaxrs-json-provider-2.12.3.jar:/home/arnab/kafka-poc-3.7/libs/kafka_2.13-3.0.0/bin/../libs/jackson-module-jaxb-annotations-2.12.3.jar:/home/arnab/kafka-poc-3.7/libs/kafka_2.13-3.0.0/bin/../libs/jackson-module-scala_2.13-2.12.3.jar:/home/arnab/kafka-poc-3.7/libs/kafka_2.13-3.0.0/bin/../libs/jakarta.activation-api-1.2.1.jar:/home/arnab/kafka-poc-3.7/libs/kafka_2.13-3.0.0/bin/../libs/jakarta.annotation-api-1.3.5.jar:/home/arnab/kafka-poc-3.7/libs/kafka_2.13-3.0.0/bin/../libs/jakarta.inject-2.6.1.jar:/home/arnab/kafka-poc-3.7/libs/kafka_2.13-3.0.0/bin/../libs/jakarta.validation-api-2.0.2.jar:/home/arnab/kafka-poc-3.7/libs/kafka_2.13-3.0.0/bin/../libs/jakarta.ws.rs-api-2.1.6.jar:/home/arnab/kafka-poc-3.7/libs/kafka_2.13-3.0.0/bin/../libs/jakarta.xml.bind-api-2.3.2.jar:/home/arnab/kafka-poc-3.7/libs/kafka_2.13-3.0.0/bin/../libs/javassist-3.27.0-GA.jar:/home/arnab/kafka-poc-3.7/libs/kafka_2.13-3.0.0/bin/../libs/javax.servlet-api-3.1.0.jar:/home/arnab/kafka-poc-3.7/libs/kafka_2.13-3.0.0/bin/../libs/javax.ws.rs-api-2.1.1.jar:/home/arnab/kafka-poc-3.7/libs/kafka_2.13-3.0.0/bin/../libs/jaxb-api-2.3.0.jar:/home/arnab/kafka-poc-3.7/libs/kafka_2.13-3.0.0/bin/../libs/jersey-client-2.34.jar:/home/arnab/kafka-poc-3.7/libs/kafka_2.13-3.0.0/bin/../libs/jersey-common-2.34.jar:/home/arnab/kafka-poc-3.7/libs/kafka_2.13-3.0.0/bin/../libs/jersey-container-servlet-2.34.jar:/home/arnab/kafka-poc-3.7/libs/kafka_2.13-3.0.0/bin/../libs/jersey-container-servlet-core-2.34.jar:/home/arnab/kafka-poc-3.7/libs/kafka_2.13-3.0.0/bin/../libs/jersey-hk2-2.34.jar:/home/arnab/kafka-poc-3.7/libs/kafka_2.13-3.0.0/bin/../libs/jersey-server-2.34.jar:/home/arnab/kafka-poc-3.7/libs/kafka_2.13-3.0.0/bin/../libs/jetty-client-9.4.43.v20210629.jar:/home/arnab/kafka-poc-3.7/libs/kafka_2.13-3.0.0/bin/../libs/jetty-continuation-9.4.43.v20210629.jar:/home/arnab/kafka-poc-3.7/libs/kafka_2.13-3.0.0/bin/../libs/jetty-http-9.4.43.v20210629.jar:/home/arnab/kafka-poc-3.7/libs/kafka_2.13-3.0.0/bin/../libs/jetty-io-9.4.43.v20210629.jar:/home/arnab/kafka-poc-3.7/libs/kafka_2.13-3.0.0/bin/../libs/jetty-security-9.4.43.v20210629.jar:/home/arnab/kafka-poc-3.7/libs/kafka_2.13-3.0.0/bin/../libs/jetty-server-9.4.43.v20210629.jar:/home/arnab/kafka-poc-3.7/libs/kafka_2.13-3.0.0/bin/../libs/jetty-servlet-9.4.43.v20210629.jar:/home/arnab/kafka-poc-3.7/libs/kafka_2.13-3.0.0/bin/../libs/jetty-servlets-9.4.43.v20210629.jar:/home/arnab/kafka-poc-3.7/libs/kafka_2.13-3.0.0/bin/../libs/jetty-util-9.4.43.v20210629.jar:/home/arnab/kafka-poc-3.7/libs/kafka_2.13-3.0.0/bin/../libs/jetty-util-ajax-9.4.43.v20210629.jar:/home/arnab/kafka-poc-3.7/libs/kafka_2.13-3.0.0/bin/../libs/jline-3.12.1.jar:/home/arnab/kafka-poc-3.7/libs/kafka_2.13-3.0.0/bin/../libs/jopt-simple-5.0.4.jar:/home/arnab/kafka-poc-3.7/libs/kafka_2.13-3.0.0/bin/../libs/kafka_2.13-3.0.0.jar:/home/arnab/kafka-poc-3.7/libs/kafka_2.13-3.0.0/bin/../libs/kafka-clients-3.0.0.jar:/home/arnab/kafka-poc-3.7/libs/kafka_2.13-3.0.0/bin/../libs/kafka-log4j-appender-3.0.0.jar:/home/arnab/kafka-poc-3.7/libs/kafka_2.13-3.0.0/bin/../libs/kafka-metadata-3.0.0.jar:/home/arnab/kafka-poc-3.7/libs/kafka_2.13-3.0.0/bin/../libs/kafka-raft-3.0.0.jar:/home/arnab/kafka-poc-3.7/libs/kafka_2.13-3.0.0/bin/../libs/kafka-server-common-3.0.0.jar:/home/arnab/kafka-poc-3.7/libs/kafka_2.13-3.0.0/bin/../libs/kafka-shell-3.0.0.jar:/home/arnab/kafka-poc-3.7/libs/kafka_2.13-3.0.0/bin/../libs/kafka-storage-3.0.0.jar:/home/arnab/kafka-poc-3.7/libs/kafka_2.13-3.0.0/bin/../libs/kafka-storage-api-3.0.0.jar:/home/arnab/kafka-poc-3.7/libs/kafka_2.13-3.0.0/bin/../libs/kafka-streams-3.0.0.jar:/home/arnab/kafka-poc-3.7/libs/kafka_2.13-3.0.0/bin/../libs/kafka-streams-examples-3.0.0.jar:/home/arnab/kafka-poc-3.7/libs/kafka_2.13-3.0.0/bin/../libs/kafka-streams-scala_2.13-3.0.0.jar:/home/arnab/kafka-poc-3.7/libs/kafka_2.13-3.0.0/bin/../libs/kafka-streams-test-utils-3.0.0.jar:/home/arnab/kafka-poc-3.7/libs/kafka_2.13-3.0.0/bin/../libs/kafka-tools-3.0.0.jar:/home/arnab/kafka-poc-3.7/libs/kafka_2.13-3.0.0/bin/../libs/log4j-1.2.17.jar:/home/arnab/kafka-poc-3.7/libs/kafka_2.13-3.0.0/bin/../libs/lz4-java-1.7.1.jar:/home/arnab/kafka-poc-3.7/libs/kafka_2.13-3.0.0/bin/../libs/maven-artifact-3.8.1.jar:/home/arnab/kafka-poc-3.7/libs/kafka_2.13-3.0.0/bin/../libs/metrics-core-2.2.0.jar:/home/arnab/kafka-poc-3.7/libs/kafka_2.13-3.0.0/bin/../libs/metrics-core-4.1.12.1.jar:/home/arnab/kafka-poc-3.7/libs/kafka_2.13-3.0.0/bin/../libs/netty-buffer-4.1.62.Final.jar:/home/arnab/kafka-poc-3.7/libs/kafka_2.13-3.0.0/bin/../libs/netty-codec-4.1.62.Final.jar:/home/arnab/kafka-poc-3.7/libs/kafka_2.13-3.0.0/bin/../libs/netty-common-4.1.62.Final.jar:/home/arnab/kafka-poc-3.7/libs/kafka_2.13-3.0.0/bin/../libs/netty-handler-4.1.62.Final.jar:/home/arnab/kafka-poc-3.7/libs/kafka_2.13-3.0.0/bin/../libs/netty-resolver-4.1.62.Final.jar:/home/arnab/kafka-poc-3.7/libs/kafka_2.13-3.0.0/bin/../libs/netty-transport-4.1.62.Final.jar:/home/arnab/kafka-poc-3.7/libs/kafka_2.13-3.0.0/bin/../libs/netty-transport-native-epoll-4.1.62.Final.jar:/home/arnab/kafka-poc-3.7/libs/kafka_2.13-3.0.0/bin/../libs/netty-transport-native-unix-common-4.1.62.Final.jar:/home/arnab/kafka-poc-3.7/libs/kafka_2.13-3.0.0/bin/../libs/osgi-resource-locator-1.0.3.jar:/home/arnab/kafka-poc-3.7/libs/kafka_2.13-3.0.0/bin/../libs/paranamer-2.8.jar:/home/arnab/kafka-poc-3.7/libs/kafka_2.13-3.0.0/bin/../libs/plexus-utils-3.2.1.jar:/home/arnab/kafka-poc-3.7/libs/kafka_2.13-3.0.0/bin/../libs/reflections-0.9.12.jar:/home/arnab/kafka-poc-3.7/libs/kafka_2.13-3.0.0/bin/../libs/rocksdbjni-6.19.3.jar:/home/arnab/kafka-poc-3.7/libs/kafka_2.13-3.0.0/bin/../libs/scala-collection-compat_2.13-2.4.4.jar:/home/arnab/kafka-poc-3.7/libs/kafka_2.13-3.0.0/bin/../libs/scala-java8-compat_2.13-1.0.0.jar:/home/arnab/kafka-poc-3.7/libs/kafka_2.13-3.0.0/bin/../libs/scala-library-2.13.6.jar:/home/arnab/kafka-poc-3.7/libs/kafka_2.13-3.0.0/bin/../libs/scala-logging_2.13-3.9.3.jar:/home/arnab/kafka-poc-3.7/libs/kafka_2.13-3.0.0/bin/../libs/scala-reflect-2.13.6.jar:/home/arnab/kafka-poc-3.7/libs/kafka_2.13-3.0.0/bin/../libs/slf4j-api-1.7.30.jar:/home/arnab/kafka-poc-3.7/libs/kafka_2.13-3.0.0/bin/../libs/slf4j-log4j12-1.7.30.jar:/home/arnab/kafka-poc-3.7/libs/kafka_2.13-3.0.0/bin/../libs/snappy-java-1.1.8.1.jar:/home/arnab/kafka-poc-3.7/libs/kafka_2.13-3.0.0/bin/../libs/trogdor-3.0.0.jar:/home/arnab/kafka-poc-3.7/libs/kafka_2.13-3.0.0/bin/../libs/zookeeper-3.6.3.jar:/home/arnab/kafka-poc-3.7/libs/kafka_2.13-3.0.0/bin/../libs/zookeeper-jute-3.6.3.jar:/home/arnab/kafka-poc-3.7/libs/kafka_2.13-3.0.0/bin/../libs/zstd-jni-1.5.0-2.jar (org.apache.zookeeper.ZooKeeper)
[2022-12-01 02:30:06,114] INFO Client environment:java.library.path=/usr/java/packages/lib/amd64:/usr/lib/x86_64-linux-gnu/jni:/lib/x86_64-linux-gnu:/usr/lib/x86_64-linux-gnu:/usr/lib/jni:/lib:/usr/lib (org.apache.zookeeper.ZooKeeper)
[2022-12-01 02:30:06,114] INFO Client environment:java.io.tmpdir=/tmp (org.apache.zookeeper.ZooKeeper)
[2022-12-01 02:30:06,114] INFO Client environment:java.compiler=<NA> (org.apache.zookeeper.ZooKeeper)
[2022-12-01 02:30:06,114] INFO Client environment:os.name=Linux (org.apache.zookeeper.ZooKeeper)
[2022-12-01 02:30:06,114] INFO Client environment:os.arch=amd64 (org.apache.zookeeper.ZooKeeper)
[2022-12-01 02:30:06,114] INFO Client environment:os.version=5.4.0-131-generic (org.apache.zookeeper.ZooKeeper)
[2022-12-01 02:30:06,114] INFO Client environment:user.name=arnab (org.apache.zookeeper.ZooKeeper)
[2022-12-01 02:30:06,114] INFO Client environment:user.home=/home/arnab (org.apache.zookeeper.ZooKeeper)
[2022-12-01 02:30:06,114] INFO Client environment:user.dir=/home/arnab/kafka-poc-3.7 (org.apache.zookeeper.ZooKeeper)
[2022-12-01 02:30:06,114] INFO Client environment:os.memory.free=1009MB (org.apache.zookeeper.ZooKeeper)
[2022-12-01 02:30:06,114] INFO Client environment:os.memory.max=1024MB (org.apache.zookeeper.ZooKeeper)
[2022-12-01 02:30:06,114] INFO Client environment:os.memory.total=1024MB (org.apache.zookeeper.ZooKeeper)
[2022-12-01 02:30:06,117] INFO Initiating client connection, connectString=localhost:2181 sessionTimeout=18000 watcher=kafka.zookeeper.ZooKeeperClient$ZooKeeperClientWatcher$@28701274 (org.apache.zookeeper.ZooKeeper)
[2022-12-01 02:30:06,121] INFO jute.maxbuffer value is 4194304 Bytes (org.apache.zookeeper.ClientCnxnSocket)
[2022-12-01 02:30:06,127] INFO zookeeper.request.timeout value is 0. feature enabled=false (org.apache.zookeeper.ClientCnxn)
[2022-12-01 02:30:06,129] INFO [ZooKeeperClient Kafka server] Waiting until connected. (kafka.zookeeper.ZooKeeperClient)
[2022-12-01 02:30:06,131] INFO Opening socket connection to server localhost/127.0.0.1:2181. (org.apache.zookeeper.ClientCnxn)
[2022-12-01 02:30:06,131] INFO SASL config status: Will not attempt to authenticate using SASL (unknown error) (org.apache.zookeeper.ClientCnxn)
[2022-12-01 02:30:06,134] INFO Socket connection established, initiating session, client: /127.0.0.1:45900, server: localhost/127.0.0.1:2181 (org.apache.zookeeper.ClientCnxn)
[2022-12-01 02:30:06,141] INFO Creating new log file: log.4f (org.apache.zookeeper.server.persistence.FileTxnLog)
[2022-12-01 02:30:06,195] INFO Session establishment complete on server localhost/127.0.0.1:2181, session id = 0x1004380b88a0000, negotiated timeout = 18000 (org.apache.zookeeper.ClientCnxn)
[2022-12-01 02:30:06,199] INFO [ZooKeeperClient Kafka server] Connected. (kafka.zookeeper.ZooKeeperClient)
[2022-12-01 02:30:06,439] INFO [feature-zk-node-event-process-thread]: Starting (kafka.server.FinalizedFeatureChangeListener$ChangeNotificationProcessorThread)
[2022-12-01 02:30:06,643] INFO Updated cache from existing <empty> to latest FinalizedFeaturesAndEpoch(features=Features{}, epoch=0). (kafka.server.FinalizedFeatureCache)
[2022-12-01 02:30:06,648] INFO Cluster ID = MuxlXucES4WHP5gNp74JwA (kafka.server.KafkaServer)
[2022-12-01 02:30:06,769] INFO KafkaConfig values: 
	advertised.listeners = null
	alter.config.policy.class.name = null
	alter.log.dirs.replication.quota.window.num = 11
	alter.log.dirs.replication.quota.window.size.seconds = 1
	authorizer.class.name = 
	auto.create.topics.enable = true
	auto.leader.rebalance.enable = true
	background.threads = 10
	broker.heartbeat.interval.ms = 2000
	broker.id = 0
	broker.id.generation.enable = true
	broker.rack = null
	broker.session.timeout.ms = 9000
	client.quota.callback.class = null
	compression.type = producer
	connection.failed.authentication.delay.ms = 100
	connections.max.idle.ms = 600000
	connections.max.reauth.ms = 0
	control.plane.listener.name = null
	controlled.shutdown.enable = true
	controlled.shutdown.max.retries = 3
	controlled.shutdown.retry.backoff.ms = 5000
	controller.listener.names = null
	controller.quorum.append.linger.ms = 25
	controller.quorum.election.backoff.max.ms = 1000
	controller.quorum.election.timeout.ms = 1000
	controller.quorum.fetch.timeout.ms = 2000
	controller.quorum.request.timeout.ms = 2000
	controller.quorum.retry.backoff.ms = 20
	controller.quorum.voters = []
	controller.quota.window.num = 11
	controller.quota.window.size.seconds = 1
	controller.socket.timeout.ms = 30000
	create.topic.policy.class.name = null
	default.replication.factor = 1
	delegation.token.expiry.check.interval.ms = 3600000
	delegation.token.expiry.time.ms = 86400000
	delegation.token.master.key = null
	delegation.token.max.lifetime.ms = 604800000
	delegation.token.secret.key = null
	delete.records.purgatory.purge.interval.requests = 1
	delete.topic.enable = true
	fetch.max.bytes = 57671680
	fetch.purgatory.purge.interval.requests = 1000
	group.initial.rebalance.delay.ms = 0
	group.max.session.timeout.ms = 1800000
	group.max.size = 2147483647
	group.min.session.timeout.ms = 6000
	initial.broker.registration.timeout.ms = 60000
	inter.broker.listener.name = null
	inter.broker.protocol.version = 3.0-IV1
	kafka.metrics.polling.interval.secs = 10
	kafka.metrics.reporters = []
	leader.imbalance.check.interval.seconds = 300
	leader.imbalance.per.broker.percentage = 10
	listener.security.protocol.map = PLAINTEXT:PLAINTEXT,SSL:SSL,SASL_PLAINTEXT:SASL_PLAINTEXT,SASL_SSL:SASL_SSL
	listeners = PLAINTEXT://:9092
	log.cleaner.backoff.ms = 15000
	log.cleaner.dedupe.buffer.size = 134217728
	log.cleaner.delete.retention.ms = 86400000
	log.cleaner.enable = true
	log.cleaner.io.buffer.load.factor = 0.9
	log.cleaner.io.buffer.size = 524288
	log.cleaner.io.max.bytes.per.second = 1.7976931348623157E308
	log.cleaner.max.compaction.lag.ms = 9223372036854775807
	log.cleaner.min.cleanable.ratio = 0.5
	log.cleaner.min.compaction.lag.ms = 0
	log.cleaner.threads = 1
	log.cleanup.policy = [delete]
	log.dir = /tmp/kafka-logs
	log.dirs = /tmp/kafka-logs
	log.flush.interval.messages = 9223372036854775807
	log.flush.interval.ms = null
	log.flush.offset.checkpoint.interval.ms = 60000
	log.flush.scheduler.interval.ms = 9223372036854775807
	log.flush.start.offset.checkpoint.interval.ms = 60000
	log.index.interval.bytes = 4096
	log.index.size.max.bytes = 10485760
	log.message.downconversion.enable = true
	log.message.format.version = 3.0-IV1
	log.message.timestamp.difference.max.ms = 9223372036854775807
	log.message.timestamp.type = CreateTime
	log.preallocate = false
	log.retention.bytes = -1
	log.retention.check.interval.ms = 300000
	log.retention.hours = 168
	log.retention.minutes = null
	log.retention.ms = null
	log.roll.hours = 168
	log.roll.jitter.hours = 0
	log.roll.jitter.ms = null
	log.roll.ms = null
	log.segment.bytes = 1073741824
	log.segment.delete.delay.ms = 60000
	max.connection.creation.rate = 2147483647
	max.connections = 2147483647
	max.connections.per.ip = 2147483647
	max.connections.per.ip.overrides = 
	max.incremental.fetch.session.cache.slots = 1000
	message.max.bytes = 1048588
	metadata.log.dir = null
	metadata.log.max.record.bytes.between.snapshots = 20971520
	metadata.log.segment.bytes = 1073741824
	metadata.log.segment.min.bytes = 8388608
	metadata.log.segment.ms = 604800000
	metadata.max.retention.bytes = -1
	metadata.max.retention.ms = 604800000
	metric.reporters = []
	metrics.num.samples = 2
	metrics.recording.level = INFO
	metrics.sample.window.ms = 30000
	min.insync.replicas = 1
	node.id = -1
	num.io.threads = 8
	num.network.threads = 3
	num.partitions = 1
	num.recovery.threads.per.data.dir = 1
	num.replica.alter.log.dirs.threads = null
	num.replica.fetchers = 1
	offset.metadata.max.bytes = 4096
	offsets.commit.required.acks = -1
	offsets.commit.timeout.ms = 5000
	offsets.load.buffer.size = 5242880
	offsets.retention.check.interval.ms = 600000
	offsets.retention.minutes = 10080
	offsets.topic.compression.codec = 0
	offsets.topic.num.partitions = 50
	offsets.topic.replication.factor = 1
	offsets.topic.segment.bytes = 104857600
	password.encoder.cipher.algorithm = AES/CBC/PKCS5Padding
	password.encoder.iterations = 4096
	password.encoder.key.length = 128
	password.encoder.keyfactory.algorithm = null
	password.encoder.old.secret = null
	password.encoder.secret = null
	principal.builder.class = class org.apache.kafka.common.security.authenticator.DefaultKafkaPrincipalBuilder
	process.roles = []
	producer.purgatory.purge.interval.requests = 1000
	queued.max.request.bytes = -1
	queued.max.requests = 500
	quota.window.num = 11
	quota.window.size.seconds = 1
	remote.log.index.file.cache.total.size.bytes = 1073741824
	remote.log.manager.task.interval.ms = 30000
	remote.log.manager.task.retry.backoff.max.ms = 30000
	remote.log.manager.task.retry.backoff.ms = 500
	remote.log.manager.task.retry.jitter = 0.2
	remote.log.manager.thread.pool.size = 10
	remote.log.metadata.manager.class.name = null
	remote.log.metadata.manager.class.path = null
	remote.log.metadata.manager.impl.prefix = null
	remote.log.metadata.manager.listener.name = null
	remote.log.reader.max.pending.tasks = 100
	remote.log.reader.threads = 10
	remote.log.storage.manager.class.name = null
	remote.log.storage.manager.class.path = null
	remote.log.storage.manager.impl.prefix = null
	remote.log.storage.system.enable = false
	replica.fetch.backoff.ms = 1000
	replica.fetch.max.bytes = 1048576
	replica.fetch.min.bytes = 1
	replica.fetch.response.max.bytes = 10485760
	replica.fetch.wait.max.ms = 500
	replica.high.watermark.checkpoint.interval.ms = 5000
	replica.lag.time.max.ms = 30000
	replica.selector.class = null
	replica.socket.receive.buffer.bytes = 65536
	replica.socket.timeout.ms = 30000
	replication.quota.window.num = 11
	replication.quota.window.size.seconds = 1
	request.timeout.ms = 30000
	reserved.broker.max.id = 1000
	sasl.client.callback.handler.class = null
	sasl.enabled.mechanisms = [GSSAPI]
	sasl.jaas.config = null
	sasl.kerberos.kinit.cmd = /usr/bin/kinit
	sasl.kerberos.min.time.before.relogin = 60000
	sasl.kerberos.principal.to.local.rules = [DEFAULT]
	sasl.kerberos.service.name = null
	sasl.kerberos.ticket.renew.jitter = 0.05
	sasl.kerberos.ticket.renew.window.factor = 0.8
	sasl.login.callback.handler.class = null
	sasl.login.class = null
	sasl.login.refresh.buffer.seconds = 300
	sasl.login.refresh.min.period.seconds = 60
	sasl.login.refresh.window.factor = 0.8
	sasl.login.refresh.window.jitter = 0.05
	sasl.mechanism.controller.protocol = GSSAPI
	sasl.mechanism.inter.broker.protocol = GSSAPI
	sasl.server.callback.handler.class = null
	security.inter.broker.protocol = PLAINTEXT
	security.providers = null
	socket.connection.setup.timeout.max.ms = 30000
	socket.connection.setup.timeout.ms = 10000
	socket.receive.buffer.bytes = 102400
	socket.request.max.bytes = 104857600
	socket.send.buffer.bytes = 102400
	ssl.cipher.suites = []
	ssl.client.auth = none
	ssl.enabled.protocols = [TLSv1.2]
	ssl.endpoint.identification.algorithm = https
	ssl.engine.factory.class = null
	ssl.key.password = null
	ssl.keymanager.algorithm = SunX509
	ssl.keystore.certificate.chain = null
	ssl.keystore.key = null
	ssl.keystore.location = null
	ssl.keystore.password = null
	ssl.keystore.type = JKS
	ssl.principal.mapping.rules = DEFAULT
	ssl.protocol = TLSv1.2
	ssl.provider = null
	ssl.secure.random.implementation = null
	ssl.trustmanager.algorithm = PKIX
	ssl.truststore.certificates = null
	ssl.truststore.location = null
	ssl.truststore.password = null
	ssl.truststore.type = JKS
	transaction.abort.timed.out.transaction.cleanup.interval.ms = 10000
	transaction.max.timeout.ms = 900000
	transaction.remove.expired.transaction.cleanup.interval.ms = 3600000
	transaction.state.log.load.buffer.size = 5242880
	transaction.state.log.min.isr = 1
	transaction.state.log.num.partitions = 50
	transaction.state.log.replication.factor = 1
	transaction.state.log.segment.bytes = 104857600
	transactional.id.expiration.ms = 604800000
	unclean.leader.election.enable = false
	zookeeper.clientCnxnSocket = null
	zookeeper.connect = localhost:2181
	zookeeper.connection.timeout.ms = 18000
	zookeeper.max.in.flight.requests = 10
	zookeeper.session.timeout.ms = 18000
	zookeeper.set.acl = false
	zookeeper.ssl.cipher.suites = null
	zookeeper.ssl.client.enable = false
	zookeeper.ssl.crl.enable = false
	zookeeper.ssl.enabled.protocols = null
	zookeeper.ssl.endpoint.identification.algorithm = HTTPS
	zookeeper.ssl.keystore.location = null
	zookeeper.ssl.keystore.password = null
	zookeeper.ssl.keystore.type = null
	zookeeper.ssl.ocsp.enable = false
	zookeeper.ssl.protocol = TLSv1.2
	zookeeper.ssl.truststore.location = null
	zookeeper.ssl.truststore.password = null
	zookeeper.ssl.truststore.type = null
	zookeeper.sync.time.ms = 2000
 (kafka.server.KafkaConfig)
[2022-12-01 02:30:06,779] INFO KafkaConfig values: 
	advertised.listeners = null
	alter.config.policy.class.name = null
	alter.log.dirs.replication.quota.window.num = 11
	alter.log.dirs.replication.quota.window.size.seconds = 1
	authorizer.class.name = 
	auto.create.topics.enable = true
	auto.leader.rebalance.enable = true
	background.threads = 10
	broker.heartbeat.interval.ms = 2000
	broker.id = 0
	broker.id.generation.enable = true
	broker.rack = null
	broker.session.timeout.ms = 9000
	client.quota.callback.class = null
	compression.type = producer
	connection.failed.authentication.delay.ms = 100
	connections.max.idle.ms = 600000
	connections.max.reauth.ms = 0
	control.plane.listener.name = null
	controlled.shutdown.enable = true
	controlled.shutdown.max.retries = 3
	controlled.shutdown.retry.backoff.ms = 5000
	controller.listener.names = null
	controller.quorum.append.linger.ms = 25
	controller.quorum.election.backoff.max.ms = 1000
	controller.quorum.election.timeout.ms = 1000
	controller.quorum.fetch.timeout.ms = 2000
	controller.quorum.request.timeout.ms = 2000
	controller.quorum.retry.backoff.ms = 20
	controller.quorum.voters = []
	controller.quota.window.num = 11
	controller.quota.window.size.seconds = 1
	controller.socket.timeout.ms = 30000
	create.topic.policy.class.name = null
	default.replication.factor = 1
	delegation.token.expiry.check.interval.ms = 3600000
	delegation.token.expiry.time.ms = 86400000
	delegation.token.master.key = null
	delegation.token.max.lifetime.ms = 604800000
	delegation.token.secret.key = null
	delete.records.purgatory.purge.interval.requests = 1
	delete.topic.enable = true
	fetch.max.bytes = 57671680
	fetch.purgatory.purge.interval.requests = 1000
	group.initial.rebalance.delay.ms = 0
	group.max.session.timeout.ms = 1800000
	group.max.size = 2147483647
	group.min.session.timeout.ms = 6000
	initial.broker.registration.timeout.ms = 60000
	inter.broker.listener.name = null
	inter.broker.protocol.version = 3.0-IV1
	kafka.metrics.polling.interval.secs = 10
	kafka.metrics.reporters = []
	leader.imbalance.check.interval.seconds = 300
	leader.imbalance.per.broker.percentage = 10
	listener.security.protocol.map = PLAINTEXT:PLAINTEXT,SSL:SSL,SASL_PLAINTEXT:SASL_PLAINTEXT,SASL_SSL:SASL_SSL
	listeners = PLAINTEXT://:9092
	log.cleaner.backoff.ms = 15000
	log.cleaner.dedupe.buffer.size = 134217728
	log.cleaner.delete.retention.ms = 86400000
	log.cleaner.enable = true
	log.cleaner.io.buffer.load.factor = 0.9
	log.cleaner.io.buffer.size = 524288
	log.cleaner.io.max.bytes.per.second = 1.7976931348623157E308
	log.cleaner.max.compaction.lag.ms = 9223372036854775807
	log.cleaner.min.cleanable.ratio = 0.5
	log.cleaner.min.compaction.lag.ms = 0
	log.cleaner.threads = 1
	log.cleanup.policy = [delete]
	log.dir = /tmp/kafka-logs
	log.dirs = /tmp/kafka-logs
	log.flush.interval.messages = 9223372036854775807
	log.flush.interval.ms = null
	log.flush.offset.checkpoint.interval.ms = 60000
	log.flush.scheduler.interval.ms = 9223372036854775807
	log.flush.start.offset.checkpoint.interval.ms = 60000
	log.index.interval.bytes = 4096
	log.index.size.max.bytes = 10485760
	log.message.downconversion.enable = true
	log.message.format.version = 3.0-IV1
	log.message.timestamp.difference.max.ms = 9223372036854775807
	log.message.timestamp.type = CreateTime
	log.preallocate = false
	log.retention.bytes = -1
	log.retention.check.interval.ms = 300000
	log.retention.hours = 168
	log.retention.minutes = null
	log.retention.ms = null
	log.roll.hours = 168
	log.roll.jitter.hours = 0
	log.roll.jitter.ms = null
	log.roll.ms = null
	log.segment.bytes = 1073741824
	log.segment.delete.delay.ms = 60000
	max.connection.creation.rate = 2147483647
	max.connections = 2147483647
	max.connections.per.ip = 2147483647
	max.connections.per.ip.overrides = 
	max.incremental.fetch.session.cache.slots = 1000
	message.max.bytes = 1048588
	metadata.log.dir = null
	metadata.log.max.record.bytes.between.snapshots = 20971520
	metadata.log.segment.bytes = 1073741824
	metadata.log.segment.min.bytes = 8388608
	metadata.log.segment.ms = 604800000
	metadata.max.retention.bytes = -1
	metadata.max.retention.ms = 604800000
	metric.reporters = []
	metrics.num.samples = 2
	metrics.recording.level = INFO
	metrics.sample.window.ms = 30000
	min.insync.replicas = 1
	node.id = -1
	num.io.threads = 8
	num.network.threads = 3
	num.partitions = 1
	num.recovery.threads.per.data.dir = 1
	num.replica.alter.log.dirs.threads = null
	num.replica.fetchers = 1
	offset.metadata.max.bytes = 4096
	offsets.commit.required.acks = -1
	offsets.commit.timeout.ms = 5000
	offsets.load.buffer.size = 5242880
	offsets.retention.check.interval.ms = 600000
	offsets.retention.minutes = 10080
	offsets.topic.compression.codec = 0
	offsets.topic.num.partitions = 50
	offsets.topic.replication.factor = 1
	offsets.topic.segment.bytes = 104857600
	password.encoder.cipher.algorithm = AES/CBC/PKCS5Padding
	password.encoder.iterations = 4096
	password.encoder.key.length = 128
	password.encoder.keyfactory.algorithm = null
	password.encoder.old.secret = null
	password.encoder.secret = null
	principal.builder.class = class org.apache.kafka.common.security.authenticator.DefaultKafkaPrincipalBuilder
	process.roles = []
	producer.purgatory.purge.interval.requests = 1000
	queued.max.request.bytes = -1
	queued.max.requests = 500
	quota.window.num = 11
	quota.window.size.seconds = 1
	remote.log.index.file.cache.total.size.bytes = 1073741824
	remote.log.manager.task.interval.ms = 30000
	remote.log.manager.task.retry.backoff.max.ms = 30000
	remote.log.manager.task.retry.backoff.ms = 500
	remote.log.manager.task.retry.jitter = 0.2
	remote.log.manager.thread.pool.size = 10
	remote.log.metadata.manager.class.name = null
	remote.log.metadata.manager.class.path = null
	remote.log.metadata.manager.impl.prefix = null
	remote.log.metadata.manager.listener.name = null
	remote.log.reader.max.pending.tasks = 100
	remote.log.reader.threads = 10
	remote.log.storage.manager.class.name = null
	remote.log.storage.manager.class.path = null
	remote.log.storage.manager.impl.prefix = null
	remote.log.storage.system.enable = false
	replica.fetch.backoff.ms = 1000
	replica.fetch.max.bytes = 1048576
	replica.fetch.min.bytes = 1
	replica.fetch.response.max.bytes = 10485760
	replica.fetch.wait.max.ms = 500
	replica.high.watermark.checkpoint.interval.ms = 5000
	replica.lag.time.max.ms = 30000
	replica.selector.class = null
	replica.socket.receive.buffer.bytes = 65536
	replica.socket.timeout.ms = 30000
	replication.quota.window.num = 11
	replication.quota.window.size.seconds = 1
	request.timeout.ms = 30000
	reserved.broker.max.id = 1000
	sasl.client.callback.handler.class = null
	sasl.enabled.mechanisms = [GSSAPI]
	sasl.jaas.config = null
	sasl.kerberos.kinit.cmd = /usr/bin/kinit
	sasl.kerberos.min.time.before.relogin = 60000
	sasl.kerberos.principal.to.local.rules = [DEFAULT]
	sasl.kerberos.service.name = null
	sasl.kerberos.ticket.renew.jitter = 0.05
	sasl.kerberos.ticket.renew.window.factor = 0.8
	sasl.login.callback.handler.class = null
	sasl.login.class = null
	sasl.login.refresh.buffer.seconds = 300
	sasl.login.refresh.min.period.seconds = 60
	sasl.login.refresh.window.factor = 0.8
	sasl.login.refresh.window.jitter = 0.05
	sasl.mechanism.controller.protocol = GSSAPI
	sasl.mechanism.inter.broker.protocol = GSSAPI
	sasl.server.callback.handler.class = null
	security.inter.broker.protocol = PLAINTEXT
	security.providers = null
	socket.connection.setup.timeout.max.ms = 30000
	socket.connection.setup.timeout.ms = 10000
	socket.receive.buffer.bytes = 102400
	socket.request.max.bytes = 104857600
	socket.send.buffer.bytes = 102400
	ssl.cipher.suites = []
	ssl.client.auth = none
	ssl.enabled.protocols = [TLSv1.2]
	ssl.endpoint.identification.algorithm = https
	ssl.engine.factory.class = null
	ssl.key.password = null
	ssl.keymanager.algorithm = SunX509
	ssl.keystore.certificate.chain = null
	ssl.keystore.key = null
	ssl.keystore.location = null
	ssl.keystore.password = null
	ssl.keystore.type = JKS
	ssl.principal.mapping.rules = DEFAULT
	ssl.protocol = TLSv1.2
	ssl.provider = null
	ssl.secure.random.implementation = null
	ssl.trustmanager.algorithm = PKIX
	ssl.truststore.certificates = null
	ssl.truststore.location = null
	ssl.truststore.password = null
	ssl.truststore.type = JKS
	transaction.abort.timed.out.transaction.cleanup.interval.ms = 10000
	transaction.max.timeout.ms = 900000
	transaction.remove.expired.transaction.cleanup.interval.ms = 3600000
	transaction.state.log.load.buffer.size = 5242880
	transaction.state.log.min.isr = 1
	transaction.state.log.num.partitions = 50
	transaction.state.log.replication.factor = 1
	transaction.state.log.segment.bytes = 104857600
	transactional.id.expiration.ms = 604800000
	unclean.leader.election.enable = false
	zookeeper.clientCnxnSocket = null
	zookeeper.connect = localhost:2181
	zookeeper.connection.timeout.ms = 18000
	zookeeper.max.in.flight.requests = 10
	zookeeper.session.timeout.ms = 18000
	zookeeper.set.acl = false
	zookeeper.ssl.cipher.suites = null
	zookeeper.ssl.client.enable = false
	zookeeper.ssl.crl.enable = false
	zookeeper.ssl.enabled.protocols = null
	zookeeper.ssl.endpoint.identification.algorithm = HTTPS
	zookeeper.ssl.keystore.location = null
	zookeeper.ssl.keystore.password = null
	zookeeper.ssl.keystore.type = null
	zookeeper.ssl.ocsp.enable = false
	zookeeper.ssl.protocol = TLSv1.2
	zookeeper.ssl.truststore.location = null
	zookeeper.ssl.truststore.password = null
	zookeeper.ssl.truststore.type = null
	zookeeper.sync.time.ms = 2000
 (kafka.server.KafkaConfig)
[2022-12-01 02:30:06,812] INFO [ThrottledChannelReaper-Fetch]: Starting (kafka.server.ClientQuotaManager$ThrottledChannelReaper)
[2022-12-01 02:30:06,812] INFO [ThrottledChannelReaper-Produce]: Starting (kafka.server.ClientQuotaManager$ThrottledChannelReaper)
[2022-12-01 02:30:06,813] INFO [ThrottledChannelReaper-Request]: Starting (kafka.server.ClientQuotaManager$ThrottledChannelReaper)
[2022-12-01 02:30:06,814] INFO [ThrottledChannelReaper-ControllerMutation]: Starting (kafka.server.ClientQuotaManager$ThrottledChannelReaper)
[2022-12-01 02:30:06,852] INFO Loading logs from log dirs ArraySeq(/tmp/kafka-logs) (kafka.log.LogManager)
[2022-12-01 02:30:06,856] INFO Skipping recovery for all logs in /tmp/kafka-logs since clean shutdown file was found (kafka.log.LogManager)
[2022-12-01 02:30:07,127] INFO [LogLoader partition=topic-0, dir=/tmp/kafka-logs] Loading producer state till offset 3 with message format version 2 (kafka.log.Log$)
[2022-12-01 02:30:07,131] INFO [LogLoader partition=topic-0, dir=/tmp/kafka-logs] Reloading from producer snapshot and rebuilding producer state from offset 3 (kafka.log.Log$)
[2022-12-01 02:30:07,138] INFO [ProducerStateManager partition=topic-0] Loading producer state from snapshot file 'SnapshotFile(/tmp/kafka-logs/topic-0/00000000000000000003.snapshot,3)' (kafka.log.ProducerStateManager)
[2022-12-01 02:30:07,175] INFO [LogLoader partition=topic-0, dir=/tmp/kafka-logs] Producer state recovery took 44ms for snapshot load and 0ms for segment recovery from offset 3 (kafka.log.Log$)
[2022-12-01 02:30:07,218] INFO Completed load of Log(dir=/tmp/kafka-logs/topic-0, topicId=lYhlCvhITduZ-3WpykOkUA, topic=topic, partition=0, highWatermark=0, lastStableOffset=0, logStartOffset=0, logEndOffset=3) with 1 segments in 332ms (1/12 loaded in /tmp/kafka-logs) (kafka.log.LogManager)
[2022-12-01 02:30:07,318] INFO [LogLoader partition=quickstart-events-0, dir=/tmp/kafka-logs] Loading producer state till offset 0 with message format version 2 (kafka.log.Log$)
[2022-12-01 02:30:07,332] INFO Completed load of Log(dir=/tmp/kafka-logs/quickstart-events-0, topicId=Cxstz5pdRNu_4RWyq76XQQ, topic=quickstart-events, partition=0, highWatermark=0, lastStableOffset=0, logStartOffset=0, logEndOffset=0) with 1 segments in 113ms (2/12 loaded in /tmp/kafka-logs) (kafka.log.LogManager)
[2022-12-01 02:30:07,473] INFO [LogLoader partition=Topic1-2, dir=/tmp/kafka-logs] Loading producer state till offset 26199 with message format version 2 (kafka.log.Log$)
[2022-12-01 02:30:07,473] INFO [LogLoader partition=Topic1-2, dir=/tmp/kafka-logs] Reloading from producer snapshot and rebuilding producer state from offset 26199 (kafka.log.Log$)
[2022-12-01 02:30:07,473] INFO [ProducerStateManager partition=Topic1-2] Loading producer state from snapshot file 'SnapshotFile(/tmp/kafka-logs/Topic1-2/00000000000000026199.snapshot,26199)' (kafka.log.ProducerStateManager)
[2022-12-01 02:30:07,474] INFO [LogLoader partition=Topic1-2, dir=/tmp/kafka-logs] Producer state recovery took 1ms for snapshot load and 0ms for segment recovery from offset 26199 (kafka.log.Log$)
[2022-12-01 02:30:07,505] INFO Completed load of Log(dir=/tmp/kafka-logs/Topic1-2, topicId=KS-i9nh3RPm1ZxQ03Uopag, topic=Topic1, partition=2, highWatermark=0, lastStableOffset=0, logStartOffset=0, logEndOffset=26199) with 1 segments in 173ms (3/12 loaded in /tmp/kafka-logs) (kafka.log.LogManager)
[2022-12-01 02:30:07,695] INFO [LogLoader partition=test-topic-0, dir=/tmp/kafka-logs] Loading producer state till offset 3 with message format version 2 (kafka.log.Log$)
[2022-12-01 02:30:07,695] INFO [LogLoader partition=test-topic-0, dir=/tmp/kafka-logs] Reloading from producer snapshot and rebuilding producer state from offset 3 (kafka.log.Log$)
[2022-12-01 02:30:07,696] INFO [ProducerStateManager partition=test-topic-0] Loading producer state from snapshot file 'SnapshotFile(/tmp/kafka-logs/test-topic-0/00000000000000000003.snapshot,3)' (kafka.log.ProducerStateManager)
[2022-12-01 02:30:07,697] INFO [LogLoader partition=test-topic-0, dir=/tmp/kafka-logs] Producer state recovery took 1ms for snapshot load and 0ms for segment recovery from offset 3 (kafka.log.Log$)
[2022-12-01 02:30:07,732] INFO Completed load of Log(dir=/tmp/kafka-logs/test-topic-0, topicId=TNcbpTDSTo-Tzwbxtn45Pg, topic=test-topic, partition=0, highWatermark=0, lastStableOffset=0, logStartOffset=0, logEndOffset=3) with 1 segments in 227ms (4/12 loaded in /tmp/kafka-logs) (kafka.log.LogManager)
[2022-12-01 02:30:07,829] INFO [LogLoader partition=Topic1-1, dir=/tmp/kafka-logs] Loading producer state till offset 26228 with message format version 2 (kafka.log.Log$)
[2022-12-01 02:30:07,829] INFO [LogLoader partition=Topic1-1, dir=/tmp/kafka-logs] Reloading from producer snapshot and rebuilding producer state from offset 26228 (kafka.log.Log$)
[2022-12-01 02:30:07,829] INFO [ProducerStateManager partition=Topic1-1] Loading producer state from snapshot file 'SnapshotFile(/tmp/kafka-logs/Topic1-1/00000000000000026228.snapshot,26228)' (kafka.log.ProducerStateManager)
[2022-12-01 02:30:07,829] INFO [LogLoader partition=Topic1-1, dir=/tmp/kafka-logs] Producer state recovery took 0ms for snapshot load and 0ms for segment recovery from offset 26228 (kafka.log.Log$)
[2022-12-01 02:30:07,832] INFO Completed load of Log(dir=/tmp/kafka-logs/Topic1-1, topicId=KS-i9nh3RPm1ZxQ03Uopag, topic=Topic1, partition=1, highWatermark=0, lastStableOffset=0, logStartOffset=0, logEndOffset=26228) with 1 segments in 99ms (5/12 loaded in /tmp/kafka-logs) (kafka.log.LogManager)
[2022-12-01 02:30:07,991] INFO [LogLoader partition=Topic2-1, dir=/tmp/kafka-logs] Loading producer state till offset 0 with message format version 2 (kafka.log.Log$)
[2022-12-01 02:30:08,051] INFO Completed load of Log(dir=/tmp/kafka-logs/Topic2-1, topicId=Jgg58Tn7QPuJ2mR53CG6KA, topic=Topic2, partition=1, highWatermark=0, lastStableOffset=0, logStartOffset=0, logEndOffset=0) with 1 segments in 219ms (6/12 loaded in /tmp/kafka-logs) (kafka.log.LogManager)
[2022-12-01 02:30:08,665] INFO [LogLoader partition=Topic3-2, dir=/tmp/kafka-logs] Loading producer state till offset 408 with message format version 2 (kafka.log.Log$)
[2022-12-01 02:30:08,665] INFO [LogLoader partition=Topic3-2, dir=/tmp/kafka-logs] Reloading from producer snapshot and rebuilding producer state from offset 408 (kafka.log.Log$)
[2022-12-01 02:30:08,666] INFO [ProducerStateManager partition=Topic3-2] Loading producer state from snapshot file 'SnapshotFile(/tmp/kafka-logs/Topic3-2/00000000000000000408.snapshot,408)' (kafka.log.ProducerStateManager)
[2022-12-01 02:30:08,731] INFO [LogLoader partition=Topic3-2, dir=/tmp/kafka-logs] Producer state recovery took 66ms for snapshot load and 0ms for segment recovery from offset 408 (kafka.log.Log$)
[2022-12-01 02:30:08,951] INFO Completed load of Log(dir=/tmp/kafka-logs/Topic3-2, topicId=RNzpQKL4T7muc9AoLXuBNg, topic=Topic3, partition=2, highWatermark=0, lastStableOffset=0, logStartOffset=0, logEndOffset=408) with 1 segments in 900ms (7/12 loaded in /tmp/kafka-logs) (kafka.log.LogManager)
[2022-12-01 02:30:09,533] INFO [LogLoader partition=Topic1-0, dir=/tmp/kafka-logs] Loading producer state till offset 26111 with message format version 2 (kafka.log.Log$)
[2022-12-01 02:30:09,534] INFO [LogLoader partition=Topic1-0, dir=/tmp/kafka-logs] Reloading from producer snapshot and rebuilding producer state from offset 26111 (kafka.log.Log$)
[2022-12-01 02:30:09,534] INFO [ProducerStateManager partition=Topic1-0] Loading producer state from snapshot file 'SnapshotFile(/tmp/kafka-logs/Topic1-0/00000000000000026111.snapshot,26111)' (kafka.log.ProducerStateManager)
[2022-12-01 02:30:09,613] INFO [LogLoader partition=Topic1-0, dir=/tmp/kafka-logs] Producer state recovery took 79ms for snapshot load and 0ms for segment recovery from offset 26111 (kafka.log.Log$)
[2022-12-01 02:30:09,676] INFO Completed load of Log(dir=/tmp/kafka-logs/Topic1-0, topicId=KS-i9nh3RPm1ZxQ03Uopag, topic=Topic1, partition=0, highWatermark=0, lastStableOffset=0, logStartOffset=0, logEndOffset=26111) with 1 segments in 725ms (8/12 loaded in /tmp/kafka-logs) (kafka.log.LogManager)
[2022-12-01 02:30:10,599] INFO [LogLoader partition=Topic3-1, dir=/tmp/kafka-logs] Loading producer state till offset 387 with message format version 2 (kafka.log.Log$)
[2022-12-01 02:30:10,599] INFO [LogLoader partition=Topic3-1, dir=/tmp/kafka-logs] Reloading from producer snapshot and rebuilding producer state from offset 387 (kafka.log.Log$)
[2022-12-01 02:30:10,600] INFO [ProducerStateManager partition=Topic3-1] Loading producer state from snapshot file 'SnapshotFile(/tmp/kafka-logs/Topic3-1/00000000000000000387.snapshot,387)' (kafka.log.ProducerStateManager)
[2022-12-01 02:30:10,600] INFO [LogLoader partition=Topic3-1, dir=/tmp/kafka-logs] Producer state recovery took 1ms for snapshot load and 0ms for segment recovery from offset 387 (kafka.log.Log$)
[2022-12-01 02:30:10,611] INFO Completed load of Log(dir=/tmp/kafka-logs/Topic3-1, topicId=RNzpQKL4T7muc9AoLXuBNg, topic=Topic3, partition=1, highWatermark=0, lastStableOffset=0, logStartOffset=0, logEndOffset=387) with 1 segments in 934ms (9/12 loaded in /tmp/kafka-logs) (kafka.log.LogManager)
[2022-12-01 02:30:10,724] INFO [LogLoader partition=Topic3-0, dir=/tmp/kafka-logs] Loading producer state till offset 417 with message format version 2 (kafka.log.Log$)
[2022-12-01 02:30:10,724] INFO [LogLoader partition=Topic3-0, dir=/tmp/kafka-logs] Reloading from producer snapshot and rebuilding producer state from offset 417 (kafka.log.Log$)
[2022-12-01 02:30:10,725] INFO [ProducerStateManager partition=Topic3-0] Loading producer state from snapshot file 'SnapshotFile(/tmp/kafka-logs/Topic3-0/00000000000000000417.snapshot,417)' (kafka.log.ProducerStateManager)
[2022-12-01 02:30:10,726] INFO [LogLoader partition=Topic3-0, dir=/tmp/kafka-logs] Producer state recovery took 2ms for snapshot load and 0ms for segment recovery from offset 417 (kafka.log.Log$)
[2022-12-01 02:30:10,733] INFO Completed load of Log(dir=/tmp/kafka-logs/Topic3-0, topicId=RNzpQKL4T7muc9AoLXuBNg, topic=Topic3, partition=0, highWatermark=0, lastStableOffset=0, logStartOffset=0, logEndOffset=417) with 1 segments in 122ms (10/12 loaded in /tmp/kafka-logs) (kafka.log.LogManager)
[2022-12-01 02:30:10,801] INFO [LogLoader partition=Topic2-0, dir=/tmp/kafka-logs] Loading producer state till offset 0 with message format version 2 (kafka.log.Log$)
[2022-12-01 02:30:10,810] INFO Completed load of Log(dir=/tmp/kafka-logs/Topic2-0, topicId=Jgg58Tn7QPuJ2mR53CG6KA, topic=Topic2, partition=0, highWatermark=0, lastStableOffset=0, logStartOffset=0, logEndOffset=0) with 1 segments in 76ms (11/12 loaded in /tmp/kafka-logs) (kafka.log.LogManager)
[2022-12-01 02:30:10,924] INFO [LogLoader partition=Topic2-2, dir=/tmp/kafka-logs] Loading producer state till offset 0 with message format version 2 (kafka.log.Log$)
[2022-12-01 02:30:10,931] INFO Completed load of Log(dir=/tmp/kafka-logs/Topic2-2, topicId=Jgg58Tn7QPuJ2mR53CG6KA, topic=Topic2, partition=2, highWatermark=0, lastStableOffset=0, logStartOffset=0, logEndOffset=0) with 1 segments in 119ms (12/12 loaded in /tmp/kafka-logs) (kafka.log.LogManager)
[2022-12-01 02:30:10,937] INFO Loaded 12 logs in 4085ms. (kafka.log.LogManager)
[2022-12-01 02:30:10,940] INFO Starting log cleanup with a period of 300000 ms. (kafka.log.LogManager)
[2022-12-01 02:30:10,944] INFO Starting log flusher with a default period of 9223372036854775807 ms. (kafka.log.LogManager)
[2022-12-01 02:30:11,431] INFO [BrokerToControllerChannelManager broker=0 name=forwarding]: Starting (kafka.server.BrokerToControllerRequestThread)
[2022-12-01 02:30:11,584] INFO Updated connection-accept-rate max connection creation rate to 2147483647 (kafka.network.ConnectionQuotas)
[2022-12-01 02:30:11,587] INFO Awaiting socket connections on 0.0.0.0:9092. (kafka.network.Acceptor)
[2022-12-01 02:30:11,609] INFO [SocketServer listenerType=ZK_BROKER, nodeId=0] Created data-plane acceptor and processors for endpoint : ListenerName(PLAINTEXT) (kafka.network.SocketServer)
[2022-12-01 02:30:11,626] INFO [BrokerToControllerChannelManager broker=0 name=alterIsr]: Starting (kafka.server.BrokerToControllerRequestThread)
[2022-12-01 02:30:11,645] INFO [ExpirationReaper-0-Produce]: Starting (kafka.server.DelayedOperationPurgatory$ExpiredOperationReaper)
[2022-12-01 02:30:11,646] INFO [ExpirationReaper-0-Fetch]: Starting (kafka.server.DelayedOperationPurgatory$ExpiredOperationReaper)
[2022-12-01 02:30:11,649] INFO [ExpirationReaper-0-DeleteRecords]: Starting (kafka.server.DelayedOperationPurgatory$ExpiredOperationReaper)
[2022-12-01 02:30:11,650] INFO [ExpirationReaper-0-ElectLeader]: Starting (kafka.server.DelayedOperationPurgatory$ExpiredOperationReaper)
[2022-12-01 02:30:11,663] INFO [LogDirFailureHandler]: Starting (kafka.server.ReplicaManager$LogDirFailureHandler)
[2022-12-01 02:30:11,710] INFO Creating /brokers/ids/0 (is it secure? false) (kafka.zk.KafkaZkClient)
[2022-12-01 02:30:11,866] INFO Stat of the created znode at /brokers/ids/0 is: 94,94,1669842011728,1669842011728,1,0,0,72131814168854528,222,0,94
 (kafka.zk.KafkaZkClient)
[2022-12-01 02:30:11,869] INFO Registered broker 0 at path /brokers/ids/0 with addresses: PLAINTEXT://arnab-Latitude-3400:9092, czxid (broker epoch): 94 (kafka.zk.KafkaZkClient)
[2022-12-01 02:30:12,138] INFO [ExpirationReaper-0-topic]: Starting (kafka.server.DelayedOperationPurgatory$ExpiredOperationReaper)
[2022-12-01 02:30:12,149] INFO [ExpirationReaper-0-Heartbeat]: Starting (kafka.server.DelayedOperationPurgatory$ExpiredOperationReaper)
[2022-12-01 02:30:12,152] INFO [ExpirationReaper-0-Rebalance]: Starting (kafka.server.DelayedOperationPurgatory$ExpiredOperationReaper)
[2022-12-01 02:30:12,165] INFO [GroupCoordinator 0]: Starting up. (kafka.coordinator.group.GroupCoordinator)
[2022-12-01 02:30:12,177] INFO [GroupCoordinator 0]: Startup complete. (kafka.coordinator.group.GroupCoordinator)
[2022-12-01 02:30:12,211] INFO [TransactionCoordinator id=0] Starting up. (kafka.coordinator.transaction.TransactionCoordinator)
[2022-12-01 02:30:12,221] INFO [TransactionCoordinator id=0] Startup complete. (kafka.coordinator.transaction.TransactionCoordinator)
[2022-12-01 02:30:12,233] INFO [Transaction Marker Channel Manager 0]: Starting (kafka.coordinator.transaction.TransactionMarkerChannelManager)
[2022-12-01 02:30:12,289] INFO [ExpirationReaper-0-AlterAcls]: Starting (kafka.server.DelayedOperationPurgatory$ExpiredOperationReaper)
[2022-12-01 02:30:12,329] INFO [/config/changes-event-process-thread]: Starting (kafka.common.ZkNodeChangeNotificationListener$ChangeEventProcessThread)
[2022-12-01 02:30:12,393] INFO [SocketServer listenerType=ZK_BROKER, nodeId=0] Starting socket server acceptors and processors (kafka.network.SocketServer)
[2022-12-01 02:30:12,439] INFO [SocketServer listenerType=ZK_BROKER, nodeId=0] Started data-plane acceptor and processor(s) for endpoint : ListenerName(PLAINTEXT) (kafka.network.SocketServer)
[2022-12-01 02:30:12,439] INFO [SocketServer listenerType=ZK_BROKER, nodeId=0] Started socket server acceptors and processors (kafka.network.SocketServer)
[2022-12-01 02:30:12,480] INFO Kafka version: 3.0.0 (org.apache.kafka.common.utils.AppInfoParser)
[2022-12-01 02:30:12,480] INFO Kafka commitId: 8cb0a5e9d3441962 (org.apache.kafka.common.utils.AppInfoParser)
[2022-12-01 02:30:12,480] INFO Kafka startTimeMs: 1669842012439 (org.apache.kafka.common.utils.AppInfoParser)
[2022-12-01 02:30:12,482] INFO [KafkaServer id=0] started (kafka.server.KafkaServer)
[2022-12-01 02:30:12,532] INFO [BrokerToControllerChannelManager broker=0 name=alterIsr]: Recorded new controller, from now on will use broker arnab-Latitude-3400:9092 (id: 0 rack: null) (kafka.server.BrokerToControllerRequestThread)
[2022-12-01 02:30:12,543] INFO [BrokerToControllerChannelManager broker=0 name=forwarding]: Recorded new controller, from now on will use broker arnab-Latitude-3400:9092 (id: 0 rack: null) (kafka.server.BrokerToControllerRequestThread)
[2022-12-01 02:30:12,557] INFO [ReplicaFetcherManager on broker 0] Removed fetcher for partitions HashSet(Topic3-2, quickstart-events-0, Topic1-0, Topic2-1, topic-0, Topic1-2, Topic1-1, Topic2-2, Topic2-0, Topic3-1, Topic3-0, test-topic-0) (kafka.server.ReplicaFetcherManager)
[2022-12-01 02:30:12,585] INFO [Partition quickstart-events-0 broker=0] Log loaded for partition quickstart-events-0 with initial high watermark 0 (kafka.cluster.Partition)
[2022-12-01 02:30:12,646] INFO [Partition Topic3-2 broker=0] Log loaded for partition Topic3-2 with initial high watermark 408 (kafka.cluster.Partition)
[2022-12-01 02:30:12,647] INFO [Partition Topic2-2 broker=0] Log loaded for partition Topic2-2 with initial high watermark 0 (kafka.cluster.Partition)
[2022-12-01 02:30:12,691] INFO [Partition Topic3-0 broker=0] Log loaded for partition Topic3-0 with initial high watermark 417 (kafka.cluster.Partition)
[2022-12-01 02:30:12,691] INFO [Partition Topic1-2 broker=0] Log loaded for partition Topic1-2 with initial high watermark 26199 (kafka.cluster.Partition)
[2022-12-01 02:30:12,692] INFO [Partition Topic2-0 broker=0] Log loaded for partition Topic2-0 with initial high watermark 0 (kafka.cluster.Partition)
[2022-12-01 02:30:12,738] INFO [Partition Topic1-0 broker=0] Log loaded for partition Topic1-0 with initial high watermark 26111 (kafka.cluster.Partition)
[2022-12-01 02:30:12,739] INFO [Partition test-topic-0 broker=0] Log loaded for partition test-topic-0 with initial high watermark 3 (kafka.cluster.Partition)
[2022-12-01 02:30:12,739] INFO [Partition Topic3-1 broker=0] Log loaded for partition Topic3-1 with initial high watermark 387 (kafka.cluster.Partition)
[2022-12-01 02:30:12,740] INFO [Partition Topic2-1 broker=0] Log loaded for partition Topic2-1 with initial high watermark 0 (kafka.cluster.Partition)
[2022-12-01 02:30:12,807] INFO [Partition Topic1-1 broker=0] Log loaded for partition Topic1-1 with initial high watermark 26228 (kafka.cluster.Partition)
[2022-12-01 02:30:12,807] INFO [Partition topic-0 broker=0] Log loaded for partition topic-0 with initial high watermark 3 (kafka.cluster.Partition)
