[2022-12-01 01:28:24,551] INFO [Controller id=0 epoch=1] Sending UpdateMetadata request to brokers HashSet() for 0 partitions (state.change.logger)
[2022-12-01 02:30:12,318] INFO [Controller id=0 epoch=2] Sending UpdateMetadata request to brokers HashSet(0) for 0 partitions (state.change.logger)
[2022-12-01 02:30:12,395] INFO [Controller id=0 epoch=2] Sending LeaderAndIsr request to broker 0 with 12 become-leader and 0 become-follower partitions (state.change.logger)
[2022-12-01 02:30:12,398] INFO [Controller id=0 epoch=2] Sending UpdateMetadata request to brokers HashSet(0) for 12 partitions (state.change.logger)
[2022-12-01 02:30:12,525] INFO [Broker id=0] Handling LeaderAndIsr request correlationId 1 from controller 0 for 12 partitions (state.change.logger)
[2022-12-01 02:30:12,559] INFO [Broker id=0] Stopped fetchers as part of LeaderAndIsr request correlationId 1 from controller 0 epoch 2 as part of the become-leader transition for 12 partitions (state.change.logger)
[2022-12-01 02:30:12,587] INFO [Broker id=0] Leader quickstart-events-0 starts at leader epoch 0 from offset 0 with high watermark 0 ISR [0] addingReplicas [] removingReplicas []. Previous leader epoch was -1. (state.change.logger)
[2022-12-01 02:30:12,647] INFO [Broker id=0] Leader Topic3-2 starts at leader epoch 0 from offset 408 with high watermark 408 ISR [0] addingReplicas [] removingReplicas []. Previous leader epoch was -1. (state.change.logger)
[2022-12-01 02:30:12,647] INFO [Broker id=0] Leader Topic2-2 starts at leader epoch 0 from offset 0 with high watermark 0 ISR [0] addingReplicas [] removingReplicas []. Previous leader epoch was -1. (state.change.logger)
[2022-12-01 02:30:12,691] INFO [Broker id=0] Leader Topic3-0 starts at leader epoch 0 from offset 417 with high watermark 417 ISR [0] addingReplicas [] removingReplicas []. Previous leader epoch was -1. (state.change.logger)
[2022-12-01 02:30:12,691] INFO [Broker id=0] Leader Topic1-2 starts at leader epoch 0 from offset 26199 with high watermark 26199 ISR [0] addingReplicas [] removingReplicas []. Previous leader epoch was -1. (state.change.logger)
[2022-12-01 02:30:12,692] INFO [Broker id=0] Leader Topic2-0 starts at leader epoch 0 from offset 0 with high watermark 0 ISR [0] addingReplicas [] removingReplicas []. Previous leader epoch was -1. (state.change.logger)
[2022-12-01 02:30:12,738] INFO [Broker id=0] Leader Topic1-0 starts at leader epoch 0 from offset 26111 with high watermark 26111 ISR [0] addingReplicas [] removingReplicas []. Previous leader epoch was -1. (state.change.logger)
[2022-12-01 02:30:12,739] INFO [Broker id=0] Leader test-topic-0 starts at leader epoch 0 from offset 3 with high watermark 3 ISR [0] addingReplicas [] removingReplicas []. Previous leader epoch was -1. (state.change.logger)
[2022-12-01 02:30:12,739] INFO [Broker id=0] Leader Topic3-1 starts at leader epoch 0 from offset 387 with high watermark 387 ISR [0] addingReplicas [] removingReplicas []. Previous leader epoch was -1. (state.change.logger)
[2022-12-01 02:30:12,740] INFO [Broker id=0] Leader Topic2-1 starts at leader epoch 0 from offset 0 with high watermark 0 ISR [0] addingReplicas [] removingReplicas []. Previous leader epoch was -1. (state.change.logger)
[2022-12-01 02:30:12,807] INFO [Broker id=0] Leader Topic1-1 starts at leader epoch 0 from offset 26228 with high watermark 26228 ISR [0] addingReplicas [] removingReplicas []. Previous leader epoch was -1. (state.change.logger)
[2022-12-01 02:30:12,808] INFO [Broker id=0] Leader topic-0 starts at leader epoch 0 from offset 3 with high watermark 3 ISR [0] addingReplicas [] removingReplicas []. Previous leader epoch was -1. (state.change.logger)
[2022-12-01 02:30:12,849] INFO [Broker id=0] Finished LeaderAndIsr request in 323ms correlationId 1 from controller 0 for 12 partitions (state.change.logger)
[2022-12-01 02:30:12,901] INFO [Broker id=0] Add 12 partitions and deleted 0 partitions from metadata cache in response to UpdateMetadata request sent by controller 0 epoch 2 with correlation id 2 (state.change.logger)
